The system is: Linux - 6.8.0-90-generic - x86_64
Compiling the C compiler identification source file "CMakeCCompilerId.c" succeeded.
Compiler: /usr/bin/cc 
Build flags: 
Id flags:  

The output was:
0


Compilation of the C compiler identification source "CMakeCCompilerId.c" produced "a.out"

The C compiler identification is GNU, found in "/root/HIH/build/CMakeFiles/3.22.1/CompilerIdC/a.out"

Compiling the CXX compiler identification source file "CMakeCXXCompilerId.cpp" succeeded.
Compiler: /usr/bin/c++ 
Build flags: 
Id flags:  

The output was:
0


Compilation of the CXX compiler identification source "CMakeCXXCompilerId.cpp" produced "a.out"

The CXX compiler identification is GNU, found in "/root/HIH/build/CMakeFiles/3.22.1/CompilerIdCXX/a.out"

Detecting C compiler ABI info compiled with the following output:
Change Dir: /root/HIH/build/CMakeFiles/CMakeTmp

Run Build Command(s):/usr/bin/gmake -f Makefile cmTC_1caea/fast && /usr/bin/gmake  -f CMakeFiles/cmTC_1caea.dir/build.make CMakeFiles/cmTC_1caea.dir/build
gmake[1]: Entering directory '/root/HIH/build/CMakeFiles/CMakeTmp'
Building C object CMakeFiles/cmTC_1caea.dir/CMakeCCompilerABI.c.o
/usr/bin/cc   -v -o CMakeFiles/cmTC_1caea.dir/CMakeCCompilerABI.c.o -c /usr/share/cmake-3.22/Modules/CMakeCCompilerABI.c
Using built-in specs.
COLLECT_GCC=/usr/bin/cc
OFFLOAD_TARGET_NAMES=nvptx-none:amdgcn-amdhsa
OFFLOAD_TARGET_DEFAULT=1
Target: x86_64-linux-gnu
Configured with: ../src/configure -v --with-pkgversion='Ubuntu 11.4.0-1ubuntu1~22.04.2' --with-bugurl=file:///usr/share/doc/gcc-11/README.Bugs --enable-languages=c,ada,c++,go,brig,d,fortran,objc,obj-c++,m2 --prefix=/usr --with-gcc-major-version-only --program-suffix=-11 --program-prefix=x86_64-linux-gnu- --enable-shared --enable-linker-build-id --libexecdir=/usr/lib --without-included-gettext --enable-threads=posix --libdir=/usr/lib --enable-nls --enable-bootstrap --enable-clocale=gnu --enable-libstdcxx-debug --enable-libstdcxx-time=yes --with-default-libstdcxx-abi=new --enable-gnu-unique-object --disable-vtable-verify --enable-plugin --enable-default-pie --with-system-zlib --enable-libphobos-checking=release --with-target-system-zlib=auto --enable-objc-gc=auto --enable-multiarch --disable-werror --enable-cet --with-arch-32=i686 --with-abi=m64 --with-multilib-list=m32,m64,mx32 --enable-multilib --with-tune=generic --enable-offload-targets=nvptx-none=/build/gcc-11-2Y5pKs/gcc-11-11.4.0/debian/tmp-nvptx/usr,amdgcn-amdhsa=/build/gcc-11-2Y5pKs/gcc-11-11.4.0/debian/tmp-gcn/usr --without-cuda-driver --enable-checking=release --build=x86_64-linux-gnu --host=x86_64-linux-gnu --target=x86_64-linux-gnu --with-build-config=bootstrap-lto-lean --enable-link-serialization=2
Thread model: posix
Supported LTO compression algorithms: zlib zstd
gcc version 11.4.0 (Ubuntu 11.4.0-1ubuntu1~22.04.2) 
COLLECT_GCC_OPTIONS='-v' '-o' 'CMakeFiles/cmTC_1caea.dir/CMakeCCompilerABI.c.o' '-c' '-mtune=generic' '-march=x86-64' '-dumpdir' 'CMakeFiles/cmTC_1caea.dir/'
 /usr/lib/gcc/x86_64-linux-gnu/11/cc1 -quiet -v -imultiarch x86_64-linux-gnu /usr/share/cmake-3.22/Modules/CMakeCCompilerABI.c -quiet -dumpdir CMakeFiles/cmTC_1caea.dir/ -dumpbase CMakeCCompilerABI.c.c -dumpbase-ext .c -mtune=generic -march=x86-64 -version -fasynchronous-unwind-tables -fstack-protector-strong -Wformat -Wformat-security -fstack-clash-protection -fcf-protection -o /tmp/cck7u1I8.s
GNU C17 (Ubuntu 11.4.0-1ubuntu1~22.04.2) version 11.4.0 (x86_64-linux-gnu)
	compiled by GNU C version 11.4.0, GMP version 6.2.1, MPFR version 4.1.0, MPC version 1.2.1, isl version isl-0.24-GMP

GGC heuristics: --param ggc-min-expand=100 --param ggc-min-heapsize=131072
ignoring nonexistent directory "/usr/local/include/x86_64-linux-gnu"
ignoring nonexistent directory "/usr/lib/gcc/x86_64-linux-gnu/11/include-fixed"
ignoring nonexistent directory "/usr/lib/gcc/x86_64-linux-gnu/11/../../../../x86_64-linux-gnu/include"
#include "..." search starts here:
#include <...> search starts here:
 /usr/lib/gcc/x86_64-linux-gnu/11/include
 /usr/local/include
 /usr/include/x86_64-linux-gnu
 /usr/include
End of search list.
GNU C17 (Ubuntu 11.4.0-1ubuntu1~22.04.2) version 11.4.0 (x86_64-linux-gnu)
	compiled by GNU C version 11.4.0, GMP version 6.2.1, MPFR version 4.1.0, MPC version 1.2.1, isl version isl-0.24-GMP

GGC heuristics: --param ggc-min-expand=100 --param ggc-min-heapsize=131072
Compiler executable checksum: 4011c2103cba78949d7e02d0f0047a3d
COLLECT_GCC_OPTIONS='-v' '-o' 'CMakeFiles/cmTC_1caea.dir/CMakeCCompilerABI.c.o' '-c' '-mtune=generic' '-march=x86-64' '-dumpdir' 'CMakeFiles/cmTC_1caea.dir/'
 as -v --64 -o CMakeFiles/cmTC_1caea.dir/CMakeCCompilerABI.c.o /tmp/cck7u1I8.s
GNU assembler version 2.38 (x86_64-linux-gnu) using BFD version (GNU Binutils for Ubuntu) 2.38
COMPILER_PATH=/usr/lib/gcc/x86_64-linux-gnu/11/:/usr/lib/gcc/x86_64-linux-gnu/11/:/usr/lib/gcc/x86_64-linux-gnu/:/usr/lib/gcc/x86_64-linux-gnu/11/:/usr/lib/gcc/x86_64-linux-gnu/
LIBRARY_PATH=/usr/lib/gcc/x86_64-linux-gnu/11/:/usr/lib/gcc/x86_64-linux-gnu/11/../../../x86_64-linux-gnu/:/usr/lib/gcc/x86_64-linux-gnu/11/../../../../lib/:/lib/x86_64-linux-gnu/:/lib/../lib/:/usr/lib/x86_64-linux-gnu/:/usr/lib/../lib/:/usr/lib/gcc/x86_64-linux-gnu/11/../../../:/lib/:/usr/lib/
COLLECT_GCC_OPTIONS='-v' '-o' 'CMakeFiles/cmTC_1caea.dir/CMakeCCompilerABI.c.o' '-c' '-mtune=generic' '-march=x86-64' '-dumpdir' 'CMakeFiles/cmTC_1caea.dir/CMakeCCompilerABI.c.'
Linking C executable cmTC_1caea
/usr/bin/cmake -E cmake_link_script CMakeFiles/cmTC_1caea.dir/link.txt --verbose=1
/usr/bin/cc  -v CMakeFiles/cmTC_1caea.dir/CMakeCCompilerABI.c.o -o cmTC_1caea 
Using built-in specs.
COLLECT_GCC=/usr/bin/cc
COLLECT_LTO_WRAPPER=/usr/lib/gcc/x86_64-linux-gnu/11/lto-wrapper
OFFLOAD_TARGET_NAMES=nvptx-none:amdgcn-amdhsa
OFFLOAD_TARGET_DEFAULT=1
Target: x86_64-linux-gnu
Configured with: ../src/configure -v --with-pkgversion='Ubuntu 11.4.0-1ubuntu1~22.04.2' --with-bugurl=file:///usr/share/doc/gcc-11/README.Bugs --enable-languages=c,ada,c++,go,brig,d,fortran,objc,obj-c++,m2 --prefix=/usr --with-gcc-major-version-only --program-suffix=-11 --program-prefix=x86_64-linux-gnu- --enable-shared --enable-linker-build-id --libexecdir=/usr/lib --without-included-gettext --enable-threads=posix --libdir=/usr/lib --enable-nls --enable-bootstrap --enable-clocale=gnu --enable-libstdcxx-debug --enable-libstdcxx-time=yes --with-default-libstdcxx-abi=new --enable-gnu-unique-object --disable-vtable-verify --enable-plugin --enable-default-pie --with-system-zlib --enable-libphobos-checking=release --with-target-system-zlib=auto --enable-objc-gc=auto --enable-multiarch --disable-werror --enable-cet --with-arch-32=i686 --with-abi=m64 --with-multilib-list=m32,m64,mx32 --enable-multilib --with-tune=generic --enable-offload-targets=nvptx-none=/build/gcc-11-2Y5pKs/gcc-11-11.4.0/debian/tmp-nvptx/usr,amdgcn-amdhsa=/build/gcc-11-2Y5pKs/gcc-11-11.4.0/debian/tmp-gcn/usr --without-cuda-driver --enable-checking=release --build=x86_64-linux-gnu --host=x86_64-linux-gnu --target=x86_64-linux-gnu --with-build-config=bootstrap-lto-lean --enable-link-serialization=2
Thread model: posix
Supported LTO compression algorithms: zlib zstd
gcc version 11.4.0 (Ubuntu 11.4.0-1ubuntu1~22.04.2) 
COMPILER_PATH=/usr/lib/gcc/x86_64-linux-gnu/11/:/usr/lib/gcc/x86_64-linux-gnu/11/:/usr/lib/gcc/x86_64-linux-gnu/:/usr/lib/gcc/x86_64-linux-gnu/11/:/usr/lib/gcc/x86_64-linux-gnu/
LIBRARY_PATH=/usr/lib/gcc/x86_64-linux-gnu/11/:/usr/lib/gcc/x86_64-linux-gnu/11/../../../x86_64-linux-gnu/:/usr/lib/gcc/x86_64-linux-gnu/11/../../../../lib/:/lib/x86_64-linux-gnu/:/lib/../lib/:/usr/lib/x86_64-linux-gnu/:/usr/lib/../lib/:/usr/lib/gcc/x86_64-linux-gnu/11/../../../:/lib/:/usr/lib/
COLLECT_GCC_OPTIONS='-v' '-o' 'cmTC_1caea' '-mtune=generic' '-march=x86-64' '-dumpdir' 'cmTC_1caea.'
 /usr/lib/gcc/x86_64-linux-gnu/11/collect2 -plugin /usr/lib/gcc/x86_64-linux-gnu/11/liblto_plugin.so -plugin-opt=/usr/lib/gcc/x86_64-linux-gnu/11/lto-wrapper -plugin-opt=-fresolution=/tmp/ccyIxM0q.res -plugin-opt=-pass-through=-lgcc -plugin-opt=-pass-through=-lgcc_s -plugin-opt=-pass-through=-lc -plugin-opt=-pass-through=-lgcc -plugin-opt=-pass-through=-lgcc_s --build-id --eh-frame-hdr -m elf_x86_64 --hash-style=gnu --as-needed -dynamic-linker /lib64/ld-linux-x86-64.so.2 -pie -z now -z relro -o cmTC_1caea /usr/lib/gcc/x86_64-linux-gnu/11/../../../x86_64-linux-gnu/Scrt1.o /usr/lib/gcc/x86_64-linux-gnu/11/../../../x86_64-linux-gnu/crti.o /usr/lib/gcc/x86_64-linux-gnu/11/crtbeginS.o -L/usr/lib/gcc/x86_64-linux-gnu/11 -L/usr/lib/gcc/x86_64-linux-gnu/11/../../../x86_64-linux-gnu -L/usr/lib/gcc/x86_64-linux-gnu/11/../../../../lib -L/lib/x86_64-linux-gnu -L/lib/../lib -L/usr/lib/x86_64-linux-gnu -L/usr/lib/../lib -L/usr/lib/gcc/x86_64-linux-gnu/11/../../.. CMakeFiles/cmTC_1caea.dir/CMakeCCompilerABI.c.o -lgcc --push-state --as-needed -lgcc_s --pop-state -lc -lgcc --push-state --as-needed -lgcc_s --pop-state /usr/lib/gcc/x86_64-linux-gnu/11/crtendS.o /usr/lib/gcc/x86_64-linux-gnu/11/../../../x86_64-linux-gnu/crtn.o
COLLECT_GCC_OPTIONS='-v' '-o' 'cmTC_1caea' '-mtune=generic' '-march=x86-64' '-dumpdir' 'cmTC_1caea.'
gmake[1]: Leaving directory '/root/HIH/build/CMakeFiles/CMakeTmp'



Parsed C implicit include dir info from above output: rv=done
  found start of include info
  found start of implicit include info
    add: [/usr/lib/gcc/x86_64-linux-gnu/11/include]
    add: [/usr/local/include]
    add: [/usr/include/x86_64-linux-gnu]
    add: [/usr/include]
  end of search list found
  collapse include dir [/usr/lib/gcc/x86_64-linux-gnu/11/include] ==> [/usr/lib/gcc/x86_64-linux-gnu/11/include]
  collapse include dir [/usr/local/include] ==> [/usr/local/include]
  collapse include dir [/usr/include/x86_64-linux-gnu] ==> [/usr/include/x86_64-linux-gnu]
  collapse include dir [/usr/include] ==> [/usr/include]
  implicit include dirs: [/usr/lib/gcc/x86_64-linux-gnu/11/include;/usr/local/include;/usr/include/x86_64-linux-gnu;/usr/include]


Parsed C implicit link information from above output:
  link line regex: [^( *|.*[/\])(ld|CMAKE_LINK_STARTFILE-NOTFOUND|([^/\]+-)?ld|collect2)[^/\]*( |$)]
  ignore line: [Change Dir: /root/HIH/build/CMakeFiles/CMakeTmp]
  ignore line: []
  ignore line: [Run Build Command(s):/usr/bin/gmake -f Makefile cmTC_1caea/fast && /usr/bin/gmake  -f CMakeFiles/cmTC_1caea.dir/build.make CMakeFiles/cmTC_1caea.dir/build]
  ignore line: [gmake[1]: Entering directory '/root/HIH/build/CMakeFiles/CMakeTmp']
  ignore line: [Building C object CMakeFiles/cmTC_1caea.dir/CMakeCCompilerABI.c.o]
  ignore line: [/usr/bin/cc   -v -o CMakeFiles/cmTC_1caea.dir/CMakeCCompilerABI.c.o -c /usr/share/cmake-3.22/Modules/CMakeCCompilerABI.c]
  ignore line: [Using built-in specs.]
  ignore line: [COLLECT_GCC=/usr/bin/cc]
  ignore line: [OFFLOAD_TARGET_NAMES=nvptx-none:amdgcn-amdhsa]
  ignore line: [OFFLOAD_TARGET_DEFAULT=1]
  ignore line: [Target: x86_64-linux-gnu]
  ignore line: [Configured with: ../src/configure -v --with-pkgversion='Ubuntu 11.4.0-1ubuntu1~22.04.2' --with-bugurl=file:///usr/share/doc/gcc-11/README.Bugs --enable-languages=c ada c++ go brig d fortran objc obj-c++ m2 --prefix=/usr --with-gcc-major-version-only --program-suffix=-11 --program-prefix=x86_64-linux-gnu- --enable-shared --enable-linker-build-id --libexecdir=/usr/lib --without-included-gettext --enable-threads=posix --libdir=/usr/lib --enable-nls --enable-bootstrap --enable-clocale=gnu --enable-libstdcxx-debug --enable-libstdcxx-time=yes --with-default-libstdcxx-abi=new --enable-gnu-unique-object --disable-vtable-verify --enable-plugin --enable-default-pie --with-system-zlib --enable-libphobos-checking=release --with-target-system-zlib=auto --enable-objc-gc=auto --enable-multiarch --disable-werror --enable-cet --with-arch-32=i686 --with-abi=m64 --with-multilib-list=m32 m64 mx32 --enable-multilib --with-tune=generic --enable-offload-targets=nvptx-none=/build/gcc-11-2Y5pKs/gcc-11-11.4.0/debian/tmp-nvptx/usr amdgcn-amdhsa=/build/gcc-11-2Y5pKs/gcc-11-11.4.0/debian/tmp-gcn/usr --without-cuda-driver --enable-checking=release --build=x86_64-linux-gnu --host=x86_64-linux-gnu --target=x86_64-linux-gnu --with-build-config=bootstrap-lto-lean --enable-link-serialization=2]
  ignore line: [Thread model: posix]
  ignore line: [Supported LTO compression algorithms: zlib zstd]
  ignore line: [gcc version 11.4.0 (Ubuntu 11.4.0-1ubuntu1~22.04.2) ]
  ignore line: [COLLECT_GCC_OPTIONS='-v' '-o' 'CMakeFiles/cmTC_1caea.dir/CMakeCCompilerABI.c.o' '-c' '-mtune=generic' '-march=x86-64' '-dumpdir' 'CMakeFiles/cmTC_1caea.dir/']
  ignore line: [ /usr/lib/gcc/x86_64-linux-gnu/11/cc1 -quiet -v -imultiarch x86_64-linux-gnu /usr/share/cmake-3.22/Modules/CMakeCCompilerABI.c -quiet -dumpdir CMakeFiles/cmTC_1caea.dir/ -dumpbase CMakeCCompilerABI.c.c -dumpbase-ext .c -mtune=generic -march=x86-64 -version -fasynchronous-unwind-tables -fstack-protector-strong -Wformat -Wformat-security -fstack-clash-protection -fcf-protection -o /tmp/cck7u1I8.s]
  ignore line: [GNU C17 (Ubuntu 11.4.0-1ubuntu1~22.04.2) version 11.4.0 (x86_64-linux-gnu)]
  ignore line: [	compiled by GNU C version 11.4.0  GMP version 6.2.1  MPFR version 4.1.0  MPC version 1.2.1  isl version isl-0.24-GMP]
  ignore line: []
  ignore line: [GGC heuristics: --param ggc-min-expand=100 --param ggc-min-heapsize=131072]
  ignore line: [ignoring nonexistent directory "/usr/local/include/x86_64-linux-gnu"]
  ignore line: [ignoring nonexistent directory "/usr/lib/gcc/x86_64-linux-gnu/11/include-fixed"]
  ignore line: [ignoring nonexistent directory "/usr/lib/gcc/x86_64-linux-gnu/11/../../../../x86_64-linux-gnu/include"]
  ignore line: [#include "..." search starts here:]
  ignore line: [#include <...> search starts here:]
  ignore line: [ /usr/lib/gcc/x86_64-linux-gnu/11/include]
  ignore line: [ /usr/local/include]
  ignore line: [ /usr/include/x86_64-linux-gnu]
  ignore line: [ /usr/include]
  ignore line: [End of search list.]
  ignore line: [GNU C17 (Ubuntu 11.4.0-1ubuntu1~22.04.2) version 11.4.0 (x86_64-linux-gnu)]
  ignore line: [	compiled by GNU C version 11.4.0  GMP version 6.2.1  MPFR version 4.1.0  MPC version 1.2.1  isl version isl-0.24-GMP]
  ignore line: []
  ignore line: [GGC heuristics: --param ggc-min-expand=100 --param ggc-min-heapsize=131072]
  ignore line: [Compiler executable checksum: 4011c2103cba78949d7e02d0f0047a3d]
  ignore line: [COLLECT_GCC_OPTIONS='-v' '-o' 'CMakeFiles/cmTC_1caea.dir/CMakeCCompilerABI.c.o' '-c' '-mtune=generic' '-march=x86-64' '-dumpdir' 'CMakeFiles/cmTC_1caea.dir/']
  ignore line: [ as -v --64 -o CMakeFiles/cmTC_1caea.dir/CMakeCCompilerABI.c.o /tmp/cck7u1I8.s]
  ignore line: [GNU assembler version 2.38 (x86_64-linux-gnu) using BFD version (GNU Binutils for Ubuntu) 2.38]
  ignore line: [COMPILER_PATH=/usr/lib/gcc/x86_64-linux-gnu/11/:/usr/lib/gcc/x86_64-linux-gnu/11/:/usr/lib/gcc/x86_64-linux-gnu/:/usr/lib/gcc/x86_64-linux-gnu/11/:/usr/lib/gcc/x86_64-linux-gnu/]
  ignore line: [LIBRARY_PATH=/usr/lib/gcc/x86_64-linux-gnu/11/:/usr/lib/gcc/x86_64-linux-gnu/11/../../../x86_64-linux-gnu/:/usr/lib/gcc/x86_64-linux-gnu/11/../../../../lib/:/lib/x86_64-linux-gnu/:/lib/../lib/:/usr/lib/x86_64-linux-gnu/:/usr/lib/../lib/:/usr/lib/gcc/x86_64-linux-gnu/11/../../../:/lib/:/usr/lib/]
  ignore line: [COLLECT_GCC_OPTIONS='-v' '-o' 'CMakeFiles/cmTC_1caea.dir/CMakeCCompilerABI.c.o' '-c' '-mtune=generic' '-march=x86-64' '-dumpdir' 'CMakeFiles/cmTC_1caea.dir/CMakeCCompilerABI.c.']
  ignore line: [Linking C executable cmTC_1caea]
  ignore line: [/usr/bin/cmake -E cmake_link_script CMakeFiles/cmTC_1caea.dir/link.txt --verbose=1]
  ignore line: [/usr/bin/cc  -v CMakeFiles/cmTC_1caea.dir/CMakeCCompilerABI.c.o -o cmTC_1caea ]
  ignore line: [Using built-in specs.]
  ignore line: [COLLECT_GCC=/usr/bin/cc]
  ignore line: [COLLECT_LTO_WRAPPER=/usr/lib/gcc/x86_64-linux-gnu/11/lto-wrapper]
  ignore line: [OFFLOAD_TARGET_NAMES=nvptx-none:amdgcn-amdhsa]
  ignore line: [OFFLOAD_TARGET_DEFAULT=1]
  ignore line: [Target: x86_64-linux-gnu]
  ignore line: [Configured with: ../src/configure -v --with-pkgversion='Ubuntu 11.4.0-1ubuntu1~22.04.2' --with-bugurl=file:///usr/share/doc/gcc-11/README.Bugs --enable-languages=c ada c++ go brig d fortran objc obj-c++ m2 --prefix=/usr --with-gcc-major-version-only --program-suffix=-11 --program-prefix=x86_64-linux-gnu- --enable-shared --enable-linker-build-id --libexecdir=/usr/lib --without-included-gettext --enable-threads=posix --libdir=/usr/lib --enable-nls --enable-bootstrap --enable-clocale=gnu --enable-libstdcxx-debug --enable-libstdcxx-time=yes --with-default-libstdcxx-abi=new --enable-gnu-unique-object --disable-vtable-verify --enable-plugin --enable-default-pie --with-system-zlib --enable-libphobos-checking=release --with-target-system-zlib=auto --enable-objc-gc=auto --enable-multiarch --disable-werror --enable-cet --with-arch-32=i686 --with-abi=m64 --with-multilib-list=m32 m64 mx32 --enable-multilib --with-tune=generic --enable-offload-targets=nvptx-none=/build/gcc-11-2Y5pKs/gcc-11-11.4.0/debian/tmp-nvptx/usr amdgcn-amdhsa=/build/gcc-11-2Y5pKs/gcc-11-11.4.0/debian/tmp-gcn/usr --without-cuda-driver --enable-checking=release --build=x86_64-linux-gnu --host=x86_64-linux-gnu --target=x86_64-linux-gnu --with-build-config=bootstrap-lto-lean --enable-link-serialization=2]
  ignore line: [Thread model: posix]
  ignore line: [Supported LTO compression algorithms: zlib zstd]
  ignore line: [gcc version 11.4.0 (Ubuntu 11.4.0-1ubuntu1~22.04.2) ]
  ignore line: [COMPILER_PATH=/usr/lib/gcc/x86_64-linux-gnu/11/:/usr/lib/gcc/x86_64-linux-gnu/11/:/usr/lib/gcc/x86_64-linux-gnu/:/usr/lib/gcc/x86_64-linux-gnu/11/:/usr/lib/gcc/x86_64-linux-gnu/]
  ignore line: [LIBRARY_PATH=/usr/lib/gcc/x86_64-linux-gnu/11/:/usr/lib/gcc/x86_64-linux-gnu/11/../../../x86_64-linux-gnu/:/usr/lib/gcc/x86_64-linux-gnu/11/../../../../lib/:/lib/x86_64-linux-gnu/:/lib/../lib/:/usr/lib/x86_64-linux-gnu/:/usr/lib/../lib/:/usr/lib/gcc/x86_64-linux-gnu/11/../../../:/lib/:/usr/lib/]
  ignore line: [COLLECT_GCC_OPTIONS='-v' '-o' 'cmTC_1caea' '-mtune=generic' '-march=x86-64' '-dumpdir' 'cmTC_1caea.']
  link line: [ /usr/lib/gcc/x86_64-linux-gnu/11/collect2 -plugin /usr/lib/gcc/x86_64-linux-gnu/11/liblto_plugin.so -plugin-opt=/usr/lib/gcc/x86_64-linux-gnu/11/lto-wrapper -plugin-opt=-fresolution=/tmp/ccyIxM0q.res -plugin-opt=-pass-through=-lgcc -plugin-opt=-pass-through=-lgcc_s -plugin-opt=-pass-through=-lc -plugin-opt=-pass-through=-lgcc -plugin-opt=-pass-through=-lgcc_s --build-id --eh-frame-hdr -m elf_x86_64 --hash-style=gnu --as-needed -dynamic-linker /lib64/ld-linux-x86-64.so.2 -pie -z now -z relro -o cmTC_1caea /usr/lib/gcc/x86_64-linux-gnu/11/../../../x86_64-linux-gnu/Scrt1.o /usr/lib/gcc/x86_64-linux-gnu/11/../../../x86_64-linux-gnu/crti.o /usr/lib/gcc/x86_64-linux-gnu/11/crtbeginS.o -L/usr/lib/gcc/x86_64-linux-gnu/11 -L/usr/lib/gcc/x86_64-linux-gnu/11/../../../x86_64-linux-gnu -L/usr/lib/gcc/x86_64-linux-gnu/11/../../../../lib -L/lib/x86_64-linux-gnu -L/lib/../lib -L/usr/lib/x86_64-linux-gnu -L/usr/lib/../lib -L/usr/lib/gcc/x86_64-linux-gnu/11/../../.. CMakeFiles/cmTC_1caea.dir/CMakeCCompilerABI.c.o -lgcc --push-state --as-needed -lgcc_s --pop-state -lc -lgcc --push-state --as-needed -lgcc_s --pop-state /usr/lib/gcc/x86_64-linux-gnu/11/crtendS.o /usr/lib/gcc/x86_64-linux-gnu/11/../../../x86_64-linux-gnu/crtn.o]
    arg [/usr/lib/gcc/x86_64-linux-gnu/11/collect2] ==> ignore
    arg [-plugin] ==> ignore
    arg [/usr/lib/gcc/x86_64-linux-gnu/11/liblto_plugin.so] ==> ignore
    arg [-plugin-opt=/usr/lib/gcc/x86_64-linux-gnu/11/lto-wrapper] ==> ignore
    arg [-plugin-opt=-fresolution=/tmp/ccyIxM0q.res] ==> ignore
    arg [-plugin-opt=-pass-through=-lgcc] ==> ignore
    arg [-plugin-opt=-pass-through=-lgcc_s] ==> ignore
    arg [-plugin-opt=-pass-through=-lc] ==> ignore
    arg [-plugin-opt=-pass-through=-lgcc] ==> ignore
    arg [-plugin-opt=-pass-through=-lgcc_s] ==> ignore
    arg [--build-id] ==> ignore
    arg [--eh-frame-hdr] ==> ignore
    arg [-m] ==> ignore
    arg [elf_x86_64] ==> ignore
    arg [--hash-style=gnu] ==> ignore
    arg [--as-needed] ==> ignore
    arg [-dynamic-linker] ==> ignore
    arg [/lib64/ld-linux-x86-64.so.2] ==> ignore
    arg [-pie] ==> ignore
    arg [-znow] ==> ignore
    arg [-zrelro] ==> ignore
    arg [-o] ==> ignore
    arg [cmTC_1caea] ==> ignore
    arg [/usr/lib/gcc/x86_64-linux-gnu/11/../../../x86_64-linux-gnu/Scrt1.o] ==> obj [/usr/lib/gcc/x86_64-linux-gnu/11/../../../x86_64-linux-gnu/Scrt1.o]
    arg [/usr/lib/gcc/x86_64-linux-gnu/11/../../../x86_64-linux-gnu/crti.o] ==> obj [/usr/lib/gcc/x86_64-linux-gnu/11/../../../x86_64-linux-gnu/crti.o]
    arg [/usr/lib/gcc/x86_64-linux-gnu/11/crtbeginS.o] ==> obj [/usr/lib/gcc/x86_64-linux-gnu/11/crtbeginS.o]
    arg [-L/usr/lib/gcc/x86_64-linux-gnu/11] ==> dir [/usr/lib/gcc/x86_64-linux-gnu/11]
    arg [-L/usr/lib/gcc/x86_64-linux-gnu/11/../../../x86_64-linux-gnu] ==> dir [/usr/lib/gcc/x86_64-linux-gnu/11/../../../x86_64-linux-gnu]
    arg [-L/usr/lib/gcc/x86_64-linux-gnu/11/../../../../lib] ==> dir [/usr/lib/gcc/x86_64-linux-gnu/11/../../../../lib]
    arg [-L/lib/x86_64-linux-gnu] ==> dir [/lib/x86_64-linux-gnu]
    arg [-L/lib/../lib] ==> dir [/lib/../lib]
    arg [-L/usr/lib/x86_64-linux-gnu] ==> dir [/usr/lib/x86_64-linux-gnu]
    arg [-L/usr/lib/../lib] ==> dir [/usr/lib/../lib]
    arg [-L/usr/lib/gcc/x86_64-linux-gnu/11/../../..] ==> dir [/usr/lib/gcc/x86_64-linux-gnu/11/../../..]
    arg [CMakeFiles/cmTC_1caea.dir/CMakeCCompilerABI.c.o] ==> ignore
    arg [-lgcc] ==> lib [gcc]
    arg [--push-state] ==> ignore
    arg [--as-needed] ==> ignore
    arg [-lgcc_s] ==> lib [gcc_s]
    arg [--pop-state] ==> ignore
    arg [-lc] ==> lib [c]
    arg [-lgcc] ==> lib [gcc]
    arg [--push-state] ==> ignore
    arg [--as-needed] ==> ignore
    arg [-lgcc_s] ==> lib [gcc_s]
    arg [--pop-state] ==> ignore
    arg [/usr/lib/gcc/x86_64-linux-gnu/11/crtendS.o] ==> obj [/usr/lib/gcc/x86_64-linux-gnu/11/crtendS.o]
    arg [/usr/lib/gcc/x86_64-linux-gnu/11/../../../x86_64-linux-gnu/crtn.o] ==> obj [/usr/lib/gcc/x86_64-linux-gnu/11/../../../x86_64-linux-gnu/crtn.o]
  collapse obj [/usr/lib/gcc/x86_64-linux-gnu/11/../../../x86_64-linux-gnu/Scrt1.o] ==> [/usr/lib/x86_64-linux-gnu/Scrt1.o]
  collapse obj [/usr/lib/gcc/x86_64-linux-gnu/11/../../../x86_64-linux-gnu/crti.o] ==> [/usr/lib/x86_64-linux-gnu/crti.o]
  collapse obj [/usr/lib/gcc/x86_64-linux-gnu/11/../../../x86_64-linux-gnu/crtn.o] ==> [/usr/lib/x86_64-linux-gnu/crtn.o]
  collapse library dir [/usr/lib/gcc/x86_64-linux-gnu/11] ==> [/usr/lib/gcc/x86_64-linux-gnu/11]
  collapse library dir [/usr/lib/gcc/x86_64-linux-gnu/11/../../../x86_64-linux-gnu] ==> [/usr/lib/x86_64-linux-gnu]
  collapse library dir [/usr/lib/gcc/x86_64-linux-gnu/11/../../../../lib] ==> [/usr/lib]
  collapse library dir [/lib/x86_64-linux-gnu] ==> [/lib/x86_64-linux-gnu]
  collapse library dir [/lib/../lib] ==> [/lib]
  collapse library dir [/usr/lib/x86_64-linux-gnu] ==> [/usr/lib/x86_64-linux-gnu]
  collapse library dir [/usr/lib/../lib] ==> [/usr/lib]
  collapse library dir [/usr/lib/gcc/x86_64-linux-gnu/11/../../..] ==> [/usr/lib]
  implicit libs: [gcc;gcc_s;c;gcc;gcc_s]
  implicit objs: [/usr/lib/x86_64-linux-gnu/Scrt1.o;/usr/lib/x86_64-linux-gnu/crti.o;/usr/lib/gcc/x86_64-linux-gnu/11/crtbeginS.o;/usr/lib/gcc/x86_64-linux-gnu/11/crtendS.o;/usr/lib/x86_64-linux-gnu/crtn.o]
  implicit dirs: [/usr/lib/gcc/x86_64-linux-gnu/11;/usr/lib/x86_64-linux-gnu;/usr/lib;/lib/x86_64-linux-gnu;/lib]
  implicit fwks: []


Detecting CXX compiler ABI info compiled with the following output:
Change Dir: /root/HIH/build/CMakeFiles/CMakeTmp

Run Build Command(s):/usr/bin/gmake -f Makefile cmTC_e9ece/fast && /usr/bin/gmake  -f CMakeFiles/cmTC_e9ece.dir/build.make CMakeFiles/cmTC_e9ece.dir/build
gmake[1]: Entering directory '/root/HIH/build/CMakeFiles/CMakeTmp'
Building CXX object CMakeFiles/cmTC_e9ece.dir/CMakeCXXCompilerABI.cpp.o
/usr/bin/c++   -v -o CMakeFiles/cmTC_e9ece.dir/CMakeCXXCompilerABI.cpp.o -c /usr/share/cmake-3.22/Modules/CMakeCXXCompilerABI.cpp
Using built-in specs.
COLLECT_GCC=/usr/bin/c++
OFFLOAD_TARGET_NAMES=nvptx-none:amdgcn-amdhsa
OFFLOAD_TARGET_DEFAULT=1
Target: x86_64-linux-gnu
Configured with: ../src/configure -v --with-pkgversion='Ubuntu 11.4.0-1ubuntu1~22.04.2' --with-bugurl=file:///usr/share/doc/gcc-11/README.Bugs --enable-languages=c,ada,c++,go,brig,d,fortran,objc,obj-c++,m2 --prefix=/usr --with-gcc-major-version-only --program-suffix=-11 --program-prefix=x86_64-linux-gnu- --enable-shared --enable-linker-build-id --libexecdir=/usr/lib --without-included-gettext --enable-threads=posix --libdir=/usr/lib --enable-nls --enable-bootstrap --enable-clocale=gnu --enable-libstdcxx-debug --enable-libstdcxx-time=yes --with-default-libstdcxx-abi=new --enable-gnu-unique-object --disable-vtable-verify --enable-plugin --enable-default-pie --with-system-zlib --enable-libphobos-checking=release --with-target-system-zlib=auto --enable-objc-gc=auto --enable-multiarch --disable-werror --enable-cet --with-arch-32=i686 --with-abi=m64 --with-multilib-list=m32,m64,mx32 --enable-multilib --with-tune=generic --enable-offload-targets=nvptx-none=/build/gcc-11-2Y5pKs/gcc-11-11.4.0/debian/tmp-nvptx/usr,amdgcn-amdhsa=/build/gcc-11-2Y5pKs/gcc-11-11.4.0/debian/tmp-gcn/usr --without-cuda-driver --enable-checking=release --build=x86_64-linux-gnu --host=x86_64-linux-gnu --target=x86_64-linux-gnu --with-build-config=bootstrap-lto-lean --enable-link-serialization=2
Thread model: posix
Supported LTO compression algorithms: zlib zstd
gcc version 11.4.0 (Ubuntu 11.4.0-1ubuntu1~22.04.2) 
COLLECT_GCC_OPTIONS='-v' '-o' 'CMakeFiles/cmTC_e9ece.dir/CMakeCXXCompilerABI.cpp.o' '-c' '-shared-libgcc' '-mtune=generic' '-march=x86-64' '-dumpdir' 'CMakeFiles/cmTC_e9ece.dir/'
 /usr/lib/gcc/x86_64-linux-gnu/11/cc1plus -quiet -v -imultiarch x86_64-linux-gnu -D_GNU_SOURCE /usr/share/cmake-3.22/Modules/CMakeCXXCompilerABI.cpp -quiet -dumpdir CMakeFiles/cmTC_e9ece.dir/ -dumpbase CMakeCXXCompilerABI.cpp.cpp -dumpbase-ext .cpp -mtune=generic -march=x86-64 -version -fasynchronous-unwind-tables -fstack-protector-strong -Wformat -Wformat-security -fstack-clash-protection -fcf-protection -o /tmp/cchTDW8l.s
GNU C++17 (Ubuntu 11.4.0-1ubuntu1~22.04.2) version 11.4.0 (x86_64-linux-gnu)
	compiled by GNU C version 11.4.0, GMP version 6.2.1, MPFR version 4.1.0, MPC version 1.2.1, isl version isl-0.24-GMP

GGC heuristics: --param ggc-min-expand=100 --param ggc-min-heapsize=131072
ignoring duplicate directory "/usr/include/x86_64-linux-gnu/c++/11"
ignoring nonexistent directory "/usr/local/include/x86_64-linux-gnu"
ignoring nonexistent directory "/usr/lib/gcc/x86_64-linux-gnu/11/include-fixed"
ignoring nonexistent directory "/usr/lib/gcc/x86_64-linux-gnu/11/../../../../x86_64-linux-gnu/include"
#include "..." search starts here:
#include <...> search starts here:
 /usr/include/c++/11
 /usr/include/x86_64-linux-gnu/c++/11
 /usr/include/c++/11/backward
 /usr/lib/gcc/x86_64-linux-gnu/11/include
 /usr/local/include
 /usr/include/x86_64-linux-gnu
 /usr/include
End of search list.
GNU C++17 (Ubuntu 11.4.0-1ubuntu1~22.04.2) version 11.4.0 (x86_64-linux-gnu)
	compiled by GNU C version 11.4.0, GMP version 6.2.1, MPFR version 4.1.0, MPC version 1.2.1, isl version isl-0.24-GMP

GGC heuristics: --param ggc-min-expand=100 --param ggc-min-heapsize=131072
Compiler executable checksum: 6c87588fc345655b93b8c25f48f88886
COLLECT_GCC_OPTIONS='-v' '-o' 'CMakeFiles/cmTC_e9ece.dir/CMakeCXXCompilerABI.cpp.o' '-c' '-shared-libgcc' '-mtune=generic' '-march=x86-64' '-dumpdir' 'CMakeFiles/cmTC_e9ece.dir/'
 as -v --64 -o CMakeFiles/cmTC_e9ece.dir/CMakeCXXCompilerABI.cpp.o /tmp/cchTDW8l.s
GNU assembler version 2.38 (x86_64-linux-gnu) using BFD version (GNU Binutils for Ubuntu) 2.38
COMPILER_PATH=/usr/lib/gcc/x86_64-linux-gnu/11/:/usr/lib/gcc/x86_64-linux-gnu/11/:/usr/lib/gcc/x86_64-linux-gnu/:/usr/lib/gcc/x86_64-linux-gnu/11/:/usr/lib/gcc/x86_64-linux-gnu/
LIBRARY_PATH=/usr/lib/gcc/x86_64-linux-gnu/11/:/usr/lib/gcc/x86_64-linux-gnu/11/../../../x86_64-linux-gnu/:/usr/lib/gcc/x86_64-linux-gnu/11/../../../../lib/:/lib/x86_64-linux-gnu/:/lib/../lib/:/usr/lib/x86_64-linux-gnu/:/usr/lib/../lib/:/usr/lib/gcc/x86_64-linux-gnu/11/../../../:/lib/:/usr/lib/
COLLECT_GCC_OPTIONS='-v' '-o' 'CMakeFiles/cmTC_e9ece.dir/CMakeCXXCompilerABI.cpp.o' '-c' '-shared-libgcc' '-mtune=generic' '-march=x86-64' '-dumpdir' 'CMakeFiles/cmTC_e9ece.dir/CMakeCXXCompilerABI.cpp.'
Linking CXX executable cmTC_e9ece
/usr/bin/cmake -E cmake_link_script CMakeFiles/cmTC_e9ece.dir/link.txt --verbose=1
/usr/bin/c++  -v CMakeFiles/cmTC_e9ece.dir/CMakeCXXCompilerABI.cpp.o -o cmTC_e9ece 
Using built-in specs.
COLLECT_GCC=/usr/bin/c++
COLLECT_LTO_WRAPPER=/usr/lib/gcc/x86_64-linux-gnu/11/lto-wrapper
OFFLOAD_TARGET_NAMES=nvptx-none:amdgcn-amdhsa
OFFLOAD_TARGET_DEFAULT=1
Target: x86_64-linux-gnu
Configured with: ../src/configure -v --with-pkgversion='Ubuntu 11.4.0-1ubuntu1~22.04.2' --with-bugurl=file:///usr/share/doc/gcc-11/README.Bugs --enable-languages=c,ada,c++,go,brig,d,fortran,objc,obj-c++,m2 --prefix=/usr --with-gcc-major-version-only --program-suffix=-11 --program-prefix=x86_64-linux-gnu- --enable-shared --enable-linker-build-id --libexecdir=/usr/lib --without-included-gettext --enable-threads=posix --libdir=/usr/lib --enable-nls --enable-bootstrap --enable-clocale=gnu --enable-libstdcxx-debug --enable-libstdcxx-time=yes --with-default-libstdcxx-abi=new --enable-gnu-unique-object --disable-vtable-verify --enable-plugin --enable-default-pie --with-system-zlib --enable-libphobos-checking=release --with-target-system-zlib=auto --enable-objc-gc=auto --enable-multiarch --disable-werror --enable-cet --with-arch-32=i686 --with-abi=m64 --with-multilib-list=m32,m64,mx32 --enable-multilib --with-tune=generic --enable-offload-targets=nvptx-none=/build/gcc-11-2Y5pKs/gcc-11-11.4.0/debian/tmp-nvptx/usr,amdgcn-amdhsa=/build/gcc-11-2Y5pKs/gcc-11-11.4.0/debian/tmp-gcn/usr --without-cuda-driver --enable-checking=release --build=x86_64-linux-gnu --host=x86_64-linux-gnu --target=x86_64-linux-gnu --with-build-config=bootstrap-lto-lean --enable-link-serialization=2
Thread model: posix
Supported LTO compression algorithms: zlib zstd
gcc version 11.4.0 (Ubuntu 11.4.0-1ubuntu1~22.04.2) 
COMPILER_PATH=/usr/lib/gcc/x86_64-linux-gnu/11/:/usr/lib/gcc/x86_64-linux-gnu/11/:/usr/lib/gcc/x86_64-linux-gnu/:/usr/lib/gcc/x86_64-linux-gnu/11/:/usr/lib/gcc/x86_64-linux-gnu/
LIBRARY_PATH=/usr/lib/gcc/x86_64-linux-gnu/11/:/usr/lib/gcc/x86_64-linux-gnu/11/../../../x86_64-linux-gnu/:/usr/lib/gcc/x86_64-linux-gnu/11/../../../../lib/:/lib/x86_64-linux-gnu/:/lib/../lib/:/usr/lib/x86_64-linux-gnu/:/usr/lib/../lib/:/usr/lib/gcc/x86_64-linux-gnu/11/../../../:/lib/:/usr/lib/
COLLECT_GCC_OPTIONS='-v' '-o' 'cmTC_e9ece' '-shared-libgcc' '-mtune=generic' '-march=x86-64' '-dumpdir' 'cmTC_e9ece.'
 /usr/lib/gcc/x86_64-linux-gnu/11/collect2 -plugin /usr/lib/gcc/x86_64-linux-gnu/11/liblto_plugin.so -plugin-opt=/usr/lib/gcc/x86_64-linux-gnu/11/lto-wrapper -plugin-opt=-fresolution=/tmp/ccFUHPOJ.res -plugin-opt=-pass-through=-lgcc_s -plugin-opt=-pass-through=-lgcc -plugin-opt=-pass-through=-lc -plugin-opt=-pass-through=-lgcc_s -plugin-opt=-pass-through=-lgcc --build-id --eh-frame-hdr -m elf_x86_64 --hash-style=gnu --as-needed -dynamic-linker /lib64/ld-linux-x86-64.so.2 -pie -z now -z relro -o cmTC_e9ece /usr/lib/gcc/x86_64-linux-gnu/11/../../../x86_64-linux-gnu/Scrt1.o /usr/lib/gcc/x86_64-linux-gnu/11/../../../x86_64-linux-gnu/crti.o /usr/lib/gcc/x86_64-linux-gnu/11/crtbeginS.o -L/usr/lib/gcc/x86_64-linux-gnu/11 -L/usr/lib/gcc/x86_64-linux-gnu/11/../../../x86_64-linux-gnu -L/usr/lib/gcc/x86_64-linux-gnu/11/../../../../lib -L/lib/x86_64-linux-gnu -L/lib/../lib -L/usr/lib/x86_64-linux-gnu -L/usr/lib/../lib -L/usr/lib/gcc/x86_64-linux-gnu/11/../../.. CMakeFiles/cmTC_e9ece.dir/CMakeCXXCompilerABI.cpp.o -lstdc++ -lm -lgcc_s -lgcc -lc -lgcc_s -lgcc /usr/lib/gcc/x86_64-linux-gnu/11/crtendS.o /usr/lib/gcc/x86_64-linux-gnu/11/../../../x86_64-linux-gnu/crtn.o
COLLECT_GCC_OPTIONS='-v' '-o' 'cmTC_e9ece' '-shared-libgcc' '-mtune=generic' '-march=x86-64' '-dumpdir' 'cmTC_e9ece.'
gmake[1]: Leaving directory '/root/HIH/build/CMakeFiles/CMakeTmp'



Parsed CXX implicit include dir info from above output: rv=done
  found start of include info
  found start of implicit include info
    add: [/usr/include/c++/11]
    add: [/usr/include/x86_64-linux-gnu/c++/11]
    add: [/usr/include/c++/11/backward]
    add: [/usr/lib/gcc/x86_64-linux-gnu/11/include]
    add: [/usr/local/include]
    add: [/usr/include/x86_64-linux-gnu]
    add: [/usr/include]
  end of search list found
  collapse include dir [/usr/include/c++/11] ==> [/usr/include/c++/11]
  collapse include dir [/usr/include/x86_64-linux-gnu/c++/11] ==> [/usr/include/x86_64-linux-gnu/c++/11]
  collapse include dir [/usr/include/c++/11/backward] ==> [/usr/include/c++/11/backward]
  collapse include dir [/usr/lib/gcc/x86_64-linux-gnu/11/include] ==> [/usr/lib/gcc/x86_64-linux-gnu/11/include]
  collapse include dir [/usr/local/include] ==> [/usr/local/include]
  collapse include dir [/usr/include/x86_64-linux-gnu] ==> [/usr/include/x86_64-linux-gnu]
  collapse include dir [/usr/include] ==> [/usr/include]
  implicit include dirs: [/usr/include/c++/11;/usr/include/x86_64-linux-gnu/c++/11;/usr/include/c++/11/backward;/usr/lib/gcc/x86_64-linux-gnu/11/include;/usr/local/include;/usr/include/x86_64-linux-gnu;/usr/include]


Parsed CXX implicit link information from above output:
  link line regex: [^( *|.*[/\])(ld|CMAKE_LINK_STARTFILE-NOTFOUND|([^/\]+-)?ld|collect2)[^/\]*( |$)]
  ignore line: [Change Dir: /root/HIH/build/CMakeFiles/CMakeTmp]
  ignore line: []
  ignore line: [Run Build Command(s):/usr/bin/gmake -f Makefile cmTC_e9ece/fast && /usr/bin/gmake  -f CMakeFiles/cmTC_e9ece.dir/build.make CMakeFiles/cmTC_e9ece.dir/build]
  ignore line: [gmake[1]: Entering directory '/root/HIH/build/CMakeFiles/CMakeTmp']
  ignore line: [Building CXX object CMakeFiles/cmTC_e9ece.dir/CMakeCXXCompilerABI.cpp.o]
  ignore line: [/usr/bin/c++   -v -o CMakeFiles/cmTC_e9ece.dir/CMakeCXXCompilerABI.cpp.o -c /usr/share/cmake-3.22/Modules/CMakeCXXCompilerABI.cpp]
  ignore line: [Using built-in specs.]
  ignore line: [COLLECT_GCC=/usr/bin/c++]
  ignore line: [OFFLOAD_TARGET_NAMES=nvptx-none:amdgcn-amdhsa]
  ignore line: [OFFLOAD_TARGET_DEFAULT=1]
  ignore line: [Target: x86_64-linux-gnu]
  ignore line: [Configured with: ../src/configure -v --with-pkgversion='Ubuntu 11.4.0-1ubuntu1~22.04.2' --with-bugurl=file:///usr/share/doc/gcc-11/README.Bugs --enable-languages=c ada c++ go brig d fortran objc obj-c++ m2 --prefix=/usr --with-gcc-major-version-only --program-suffix=-11 --program-prefix=x86_64-linux-gnu- --enable-shared --enable-linker-build-id --libexecdir=/usr/lib --without-included-gettext --enable-threads=posix --libdir=/usr/lib --enable-nls --enable-bootstrap --enable-clocale=gnu --enable-libstdcxx-debug --enable-libstdcxx-time=yes --with-default-libstdcxx-abi=new --enable-gnu-unique-object --disable-vtable-verify --enable-plugin --enable-default-pie --with-system-zlib --enable-libphobos-checking=release --with-target-system-zlib=auto --enable-objc-gc=auto --enable-multiarch --disable-werror --enable-cet --with-arch-32=i686 --with-abi=m64 --with-multilib-list=m32 m64 mx32 --enable-multilib --with-tune=generic --enable-offload-targets=nvptx-none=/build/gcc-11-2Y5pKs/gcc-11-11.4.0/debian/tmp-nvptx/usr amdgcn-amdhsa=/build/gcc-11-2Y5pKs/gcc-11-11.4.0/debian/tmp-gcn/usr --without-cuda-driver --enable-checking=release --build=x86_64-linux-gnu --host=x86_64-linux-gnu --target=x86_64-linux-gnu --with-build-config=bootstrap-lto-lean --enable-link-serialization=2]
  ignore line: [Thread model: posix]
  ignore line: [Supported LTO compression algorithms: zlib zstd]
  ignore line: [gcc version 11.4.0 (Ubuntu 11.4.0-1ubuntu1~22.04.2) ]
  ignore line: [COLLECT_GCC_OPTIONS='-v' '-o' 'CMakeFiles/cmTC_e9ece.dir/CMakeCXXCompilerABI.cpp.o' '-c' '-shared-libgcc' '-mtune=generic' '-march=x86-64' '-dumpdir' 'CMakeFiles/cmTC_e9ece.dir/']
  ignore line: [ /usr/lib/gcc/x86_64-linux-gnu/11/cc1plus -quiet -v -imultiarch x86_64-linux-gnu -D_GNU_SOURCE /usr/share/cmake-3.22/Modules/CMakeCXXCompilerABI.cpp -quiet -dumpdir CMakeFiles/cmTC_e9ece.dir/ -dumpbase CMakeCXXCompilerABI.cpp.cpp -dumpbase-ext .cpp -mtune=generic -march=x86-64 -version -fasynchronous-unwind-tables -fstack-protector-strong -Wformat -Wformat-security -fstack-clash-protection -fcf-protection -o /tmp/cchTDW8l.s]
  ignore line: [GNU C++17 (Ubuntu 11.4.0-1ubuntu1~22.04.2) version 11.4.0 (x86_64-linux-gnu)]
  ignore line: [	compiled by GNU C version 11.4.0  GMP version 6.2.1  MPFR version 4.1.0  MPC version 1.2.1  isl version isl-0.24-GMP]
  ignore line: []
  ignore line: [GGC heuristics: --param ggc-min-expand=100 --param ggc-min-heapsize=131072]
  ignore line: [ignoring duplicate directory "/usr/include/x86_64-linux-gnu/c++/11"]
  ignore line: [ignoring nonexistent directory "/usr/local/include/x86_64-linux-gnu"]
  ignore line: [ignoring nonexistent directory "/usr/lib/gcc/x86_64-linux-gnu/11/include-fixed"]
  ignore line: [ignoring nonexistent directory "/usr/lib/gcc/x86_64-linux-gnu/11/../../../../x86_64-linux-gnu/include"]
  ignore line: [#include "..." search starts here:]
  ignore line: [#include <...> search starts here:]
  ignore line: [ /usr/include/c++/11]
  ignore line: [ /usr/include/x86_64-linux-gnu/c++/11]
  ignore line: [ /usr/include/c++/11/backward]
  ignore line: [ /usr/lib/gcc/x86_64-linux-gnu/11/include]
  ignore line: [ /usr/local/include]
  ignore line: [ /usr/include/x86_64-linux-gnu]
  ignore line: [ /usr/include]
  ignore line: [End of search list.]
  ignore line: [GNU C++17 (Ubuntu 11.4.0-1ubuntu1~22.04.2) version 11.4.0 (x86_64-linux-gnu)]
  ignore line: [	compiled by GNU C version 11.4.0  GMP version 6.2.1  MPFR version 4.1.0  MPC version 1.2.1  isl version isl-0.24-GMP]
  ignore line: []
  ignore line: [GGC heuristics: --param ggc-min-expand=100 --param ggc-min-heapsize=131072]
  ignore line: [Compiler executable checksum: 6c87588fc345655b93b8c25f48f88886]
  ignore line: [COLLECT_GCC_OPTIONS='-v' '-o' 'CMakeFiles/cmTC_e9ece.dir/CMakeCXXCompilerABI.cpp.o' '-c' '-shared-libgcc' '-mtune=generic' '-march=x86-64' '-dumpdir' 'CMakeFiles/cmTC_e9ece.dir/']
  ignore line: [ as -v --64 -o CMakeFiles/cmTC_e9ece.dir/CMakeCXXCompilerABI.cpp.o /tmp/cchTDW8l.s]
  ignore line: [GNU assembler version 2.38 (x86_64-linux-gnu) using BFD version (GNU Binutils for Ubuntu) 2.38]
  ignore line: [COMPILER_PATH=/usr/lib/gcc/x86_64-linux-gnu/11/:/usr/lib/gcc/x86_64-linux-gnu/11/:/usr/lib/gcc/x86_64-linux-gnu/:/usr/lib/gcc/x86_64-linux-gnu/11/:/usr/lib/gcc/x86_64-linux-gnu/]
  ignore line: [LIBRARY_PATH=/usr/lib/gcc/x86_64-linux-gnu/11/:/usr/lib/gcc/x86_64-linux-gnu/11/../../../x86_64-linux-gnu/:/usr/lib/gcc/x86_64-linux-gnu/11/../../../../lib/:/lib/x86_64-linux-gnu/:/lib/../lib/:/usr/lib/x86_64-linux-gnu/:/usr/lib/../lib/:/usr/lib/gcc/x86_64-linux-gnu/11/../../../:/lib/:/usr/lib/]
  ignore line: [COLLECT_GCC_OPTIONS='-v' '-o' 'CMakeFiles/cmTC_e9ece.dir/CMakeCXXCompilerABI.cpp.o' '-c' '-shared-libgcc' '-mtune=generic' '-march=x86-64' '-dumpdir' 'CMakeFiles/cmTC_e9ece.dir/CMakeCXXCompilerABI.cpp.']
  ignore line: [Linking CXX executable cmTC_e9ece]
  ignore line: [/usr/bin/cmake -E cmake_link_script CMakeFiles/cmTC_e9ece.dir/link.txt --verbose=1]
  ignore line: [/usr/bin/c++  -v CMakeFiles/cmTC_e9ece.dir/CMakeCXXCompilerABI.cpp.o -o cmTC_e9ece ]
  ignore line: [Using built-in specs.]
  ignore line: [COLLECT_GCC=/usr/bin/c++]
  ignore line: [COLLECT_LTO_WRAPPER=/usr/lib/gcc/x86_64-linux-gnu/11/lto-wrapper]
  ignore line: [OFFLOAD_TARGET_NAMES=nvptx-none:amdgcn-amdhsa]
  ignore line: [OFFLOAD_TARGET_DEFAULT=1]
  ignore line: [Target: x86_64-linux-gnu]
  ignore line: [Configured with: ../src/configure -v --with-pkgversion='Ubuntu 11.4.0-1ubuntu1~22.04.2' --with-bugurl=file:///usr/share/doc/gcc-11/README.Bugs --enable-languages=c ada c++ go brig d fortran objc obj-c++ m2 --prefix=/usr --with-gcc-major-version-only --program-suffix=-11 --program-prefix=x86_64-linux-gnu- --enable-shared --enable-linker-build-id --libexecdir=/usr/lib --without-included-gettext --enable-threads=posix --libdir=/usr/lib --enable-nls --enable-bootstrap --enable-clocale=gnu --enable-libstdcxx-debug --enable-libstdcxx-time=yes --with-default-libstdcxx-abi=new --enable-gnu-unique-object --disable-vtable-verify --enable-plugin --enable-default-pie --with-system-zlib --enable-libphobos-checking=release --with-target-system-zlib=auto --enable-objc-gc=auto --enable-multiarch --disable-werror --enable-cet --with-arch-32=i686 --with-abi=m64 --with-multilib-list=m32 m64 mx32 --enable-multilib --with-tune=generic --enable-offload-targets=nvptx-none=/build/gcc-11-2Y5pKs/gcc-11-11.4.0/debian/tmp-nvptx/usr amdgcn-amdhsa=/build/gcc-11-2Y5pKs/gcc-11-11.4.0/debian/tmp-gcn/usr --without-cuda-driver --enable-checking=release --build=x86_64-linux-gnu --host=x86_64-linux-gnu --target=x86_64-linux-gnu --with-build-config=bootstrap-lto-lean --enable-link-serialization=2]
  ignore line: [Thread model: posix]
  ignore line: [Supported LTO compression algorithms: zlib zstd]
  ignore line: [gcc version 11.4.0 (Ubuntu 11.4.0-1ubuntu1~22.04.2) ]
  ignore line: [COMPILER_PATH=/usr/lib/gcc/x86_64-linux-gnu/11/:/usr/lib/gcc/x86_64-linux-gnu/11/:/usr/lib/gcc/x86_64-linux-gnu/:/usr/lib/gcc/x86_64-linux-gnu/11/:/usr/lib/gcc/x86_64-linux-gnu/]
  ignore line: [LIBRARY_PATH=/usr/lib/gcc/x86_64-linux-gnu/11/:/usr/lib/gcc/x86_64-linux-gnu/11/../../../x86_64-linux-gnu/:/usr/lib/gcc/x86_64-linux-gnu/11/../../../../lib/:/lib/x86_64-linux-gnu/:/lib/../lib/:/usr/lib/x86_64-linux-gnu/:/usr/lib/../lib/:/usr/lib/gcc/x86_64-linux-gnu/11/../../../:/lib/:/usr/lib/]
  ignore line: [COLLECT_GCC_OPTIONS='-v' '-o' 'cmTC_e9ece' '-shared-libgcc' '-mtune=generic' '-march=x86-64' '-dumpdir' 'cmTC_e9ece.']
  link line: [ /usr/lib/gcc/x86_64-linux-gnu/11/collect2 -plugin /usr/lib/gcc/x86_64-linux-gnu/11/liblto_plugin.so -plugin-opt=/usr/lib/gcc/x86_64-linux-gnu/11/lto-wrapper -plugin-opt=-fresolution=/tmp/ccFUHPOJ.res -plugin-opt=-pass-through=-lgcc_s -plugin-opt=-pass-through=-lgcc -plugin-opt=-pass-through=-lc -plugin-opt=-pass-through=-lgcc_s -plugin-opt=-pass-through=-lgcc --build-id --eh-frame-hdr -m elf_x86_64 --hash-style=gnu --as-needed -dynamic-linker /lib64/ld-linux-x86-64.so.2 -pie -z now -z relro -o cmTC_e9ece /usr/lib/gcc/x86_64-linux-gnu/11/../../../x86_64-linux-gnu/Scrt1.o /usr/lib/gcc/x86_64-linux-gnu/11/../../../x86_64-linux-gnu/crti.o /usr/lib/gcc/x86_64-linux-gnu/11/crtbeginS.o -L/usr/lib/gcc/x86_64-linux-gnu/11 -L/usr/lib/gcc/x86_64-linux-gnu/11/../../../x86_64-linux-gnu -L/usr/lib/gcc/x86_64-linux-gnu/11/../../../../lib -L/lib/x86_64-linux-gnu -L/lib/../lib -L/usr/lib/x86_64-linux-gnu -L/usr/lib/../lib -L/usr/lib/gcc/x86_64-linux-gnu/11/../../.. CMakeFiles/cmTC_e9ece.dir/CMakeCXXCompilerABI.cpp.o -lstdc++ -lm -lgcc_s -lgcc -lc -lgcc_s -lgcc /usr/lib/gcc/x86_64-linux-gnu/11/crtendS.o /usr/lib/gcc/x86_64-linux-gnu/11/../../../x86_64-linux-gnu/crtn.o]
    arg [/usr/lib/gcc/x86_64-linux-gnu/11/collect2] ==> ignore
    arg [-plugin] ==> ignore
    arg [/usr/lib/gcc/x86_64-linux-gnu/11/liblto_plugin.so] ==> ignore
    arg [-plugin-opt=/usr/lib/gcc/x86_64-linux-gnu/11/lto-wrapper] ==> ignore
    arg [-plugin-opt=-fresolution=/tmp/ccFUHPOJ.res] ==> ignore
    arg [-plugin-opt=-pass-through=-lgcc_s] ==> ignore
    arg [-plugin-opt=-pass-through=-lgcc] ==> ignore
    arg [-plugin-opt=-pass-through=-lc] ==> ignore
    arg [-plugin-opt=-pass-through=-lgcc_s] ==> ignore
    arg [-plugin-opt=-pass-through=-lgcc] ==> ignore
    arg [--build-id] ==> ignore
    arg [--eh-frame-hdr] ==> ignore
    arg [-m] ==> ignore
    arg [elf_x86_64] ==> ignore
    arg [--hash-style=gnu] ==> ignore
    arg [--as-needed] ==> ignore
    arg [-dynamic-linker] ==> ignore
    arg [/lib64/ld-linux-x86-64.so.2] ==> ignore
    arg [-pie] ==> ignore
    arg [-znow] ==> ignore
    arg [-zrelro] ==> ignore
    arg [-o] ==> ignore
    arg [cmTC_e9ece] ==> ignore
    arg [/usr/lib/gcc/x86_64-linux-gnu/11/../../../x86_64-linux-gnu/Scrt1.o] ==> obj [/usr/lib/gcc/x86_64-linux-gnu/11/../../../x86_64-linux-gnu/Scrt1.o]
    arg [/usr/lib/gcc/x86_64-linux-gnu/11/../../../x86_64-linux-gnu/crti.o] ==> obj [/usr/lib/gcc/x86_64-linux-gnu/11/../../../x86_64-linux-gnu/crti.o]
    arg [/usr/lib/gcc/x86_64-linux-gnu/11/crtbeginS.o] ==> obj [/usr/lib/gcc/x86_64-linux-gnu/11/crtbeginS.o]
    arg [-L/usr/lib/gcc/x86_64-linux-gnu/11] ==> dir [/usr/lib/gcc/x86_64-linux-gnu/11]
    arg [-L/usr/lib/gcc/x86_64-linux-gnu/11/../../../x86_64-linux-gnu] ==> dir [/usr/lib/gcc/x86_64-linux-gnu/11/../../../x86_64-linux-gnu]
    arg [-L/usr/lib/gcc/x86_64-linux-gnu/11/../../../../lib] ==> dir [/usr/lib/gcc/x86_64-linux-gnu/11/../../../../lib]
    arg [-L/lib/x86_64-linux-gnu] ==> dir [/lib/x86_64-linux-gnu]
    arg [-L/lib/../lib] ==> dir [/lib/../lib]
    arg [-L/usr/lib/x86_64-linux-gnu] ==> dir [/usr/lib/x86_64-linux-gnu]
    arg [-L/usr/lib/../lib] ==> dir [/usr/lib/../lib]
    arg [-L/usr/lib/gcc/x86_64-linux-gnu/11/../../..] ==> dir [/usr/lib/gcc/x86_64-linux-gnu/11/../../..]
    arg [CMakeFiles/cmTC_e9ece.dir/CMakeCXXCompilerABI.cpp.o] ==> ignore
    arg [-lstdc++] ==> lib [stdc++]
    arg [-lm] ==> lib [m]
    arg [-lgcc_s] ==> lib [gcc_s]
    arg [-lgcc] ==> lib [gcc]
    arg [-lc] ==> lib [c]
    arg [-lgcc_s] ==> lib [gcc_s]
    arg [-lgcc] ==> lib [gcc]
    arg [/usr/lib/gcc/x86_64-linux-gnu/11/crtendS.o] ==> obj [/usr/lib/gcc/x86_64-linux-gnu/11/crtendS.o]
    arg [/usr/lib/gcc/x86_64-linux-gnu/11/../../../x86_64-linux-gnu/crtn.o] ==> obj [/usr/lib/gcc/x86_64-linux-gnu/11/../../../x86_64-linux-gnu/crtn.o]
  collapse obj [/usr/lib/gcc/x86_64-linux-gnu/11/../../../x86_64-linux-gnu/Scrt1.o] ==> [/usr/lib/x86_64-linux-gnu/Scrt1.o]
  collapse obj [/usr/lib/gcc/x86_64-linux-gnu/11/../../../x86_64-linux-gnu/crti.o] ==> [/usr/lib/x86_64-linux-gnu/crti.o]
  collapse obj [/usr/lib/gcc/x86_64-linux-gnu/11/../../../x86_64-linux-gnu/crtn.o] ==> [/usr/lib/x86_64-linux-gnu/crtn.o]
  collapse library dir [/usr/lib/gcc/x86_64-linux-gnu/11] ==> [/usr/lib/gcc/x86_64-linux-gnu/11]
  collapse library dir [/usr/lib/gcc/x86_64-linux-gnu/11/../../../x86_64-linux-gnu] ==> [/usr/lib/x86_64-linux-gnu]
  collapse library dir [/usr/lib/gcc/x86_64-linux-gnu/11/../../../../lib] ==> [/usr/lib]
  collapse library dir [/lib/x86_64-linux-gnu] ==> [/lib/x86_64-linux-gnu]
  collapse library dir [/lib/../lib] ==> [/lib]
  collapse library dir [/usr/lib/x86_64-linux-gnu] ==> [/usr/lib/x86_64-linux-gnu]
  collapse library dir [/usr/lib/../lib] ==> [/usr/lib]
  collapse library dir [/usr/lib/gcc/x86_64-linux-gnu/11/../../..] ==> [/usr/lib]
  implicit libs: [stdc++;m;gcc_s;gcc;c;gcc_s;gcc]
  implicit objs: [/usr/lib/x86_64-linux-gnu/Scrt1.o;/usr/lib/x86_64-linux-gnu/crti.o;/usr/lib/gcc/x86_64-linux-gnu/11/crtbeginS.o;/usr/lib/gcc/x86_64-linux-gnu/11/crtendS.o;/usr/lib/x86_64-linux-gnu/crtn.o]
  implicit dirs: [/usr/lib/gcc/x86_64-linux-gnu/11;/usr/lib/x86_64-linux-gnu;/usr/lib;/lib/x86_64-linux-gnu;/lib]
  implicit fwks: []


Determining if the function shm_open exists in the rt passed with the following output:
Change Dir: /root/HIH/build/CMakeFiles/CMakeTmp

Run Build Command(s):/usr/bin/gmake -f Makefile cmTC_ac696/fast && /usr/bin/gmake  -f CMakeFiles/cmTC_ac696.dir/build.make CMakeFiles/cmTC_ac696.dir/build
gmake[1]: Entering directory '/root/HIH/build/CMakeFiles/CMakeTmp'
Building C object CMakeFiles/cmTC_ac696.dir/CheckFunctionExists.c.o
/usr/bin/cc   -DCHECK_FUNCTION_EXISTS=shm_open -o CMakeFiles/cmTC_ac696.dir/CheckFunctionExists.c.o -c /usr/share/cmake-3.22/Modules/CheckFunctionExists.c
Linking C executable cmTC_ac696
/usr/bin/cmake -E cmake_link_script CMakeFiles/cmTC_ac696.dir/link.txt --verbose=1
/usr/bin/cc  -DCHECK_FUNCTION_EXISTS=shm_open CMakeFiles/cmTC_ac696.dir/CheckFunctionExists.c.o -o cmTC_ac696  -lrt 
gmake[1]: Leaving directory '/root/HIH/build/CMakeFiles/CMakeTmp'



Performing C++ SOURCE FILE Test HAVE_CXX_FLAG_WALL succeeded with the following output:
Change Dir: /root/HIH/build/CMakeFiles/CMakeTmp

Run Build Command(s):/usr/bin/gmake -f Makefile cmTC_5fc83/fast && /usr/bin/gmake  -f CMakeFiles/cmTC_5fc83.dir/build.make CMakeFiles/cmTC_5fc83.dir/build
gmake[1]: Entering directory '/root/HIH/build/CMakeFiles/CMakeTmp'
Building CXX object CMakeFiles/cmTC_5fc83.dir/src.cxx.o
/usr/bin/c++ -DHAVE_CXX_FLAG_WALL  -Wall   -Wall -std=c++11 -o CMakeFiles/cmTC_5fc83.dir/src.cxx.o -c /root/HIH/build/CMakeFiles/CMakeTmp/src.cxx
Linking CXX executable cmTC_5fc83
/usr/bin/cmake -E cmake_link_script CMakeFiles/cmTC_5fc83.dir/link.txt --verbose=1
/usr/bin/c++   -Wall CMakeFiles/cmTC_5fc83.dir/src.cxx.o -o cmTC_5fc83 
gmake[1]: Leaving directory '/root/HIH/build/CMakeFiles/CMakeTmp'


Source file was:
int main() { return 0; }
Performing C++ SOURCE FILE Test HAVE_CXX_FLAG_WEXTRA succeeded with the following output:
Change Dir: /root/HIH/build/CMakeFiles/CMakeTmp

Run Build Command(s):/usr/bin/gmake -f Makefile cmTC_38b30/fast && /usr/bin/gmake  -f CMakeFiles/cmTC_38b30.dir/build.make CMakeFiles/cmTC_38b30.dir/build
gmake[1]: Entering directory '/root/HIH/build/CMakeFiles/CMakeTmp'
Building CXX object CMakeFiles/cmTC_38b30.dir/src.cxx.o
/usr/bin/c++ -DHAVE_CXX_FLAG_WEXTRA  -Wall  -Wextra   -Wextra -std=c++11 -o CMakeFiles/cmTC_38b30.dir/src.cxx.o -c /root/HIH/build/CMakeFiles/CMakeTmp/src.cxx
Linking CXX executable cmTC_38b30
/usr/bin/cmake -E cmake_link_script CMakeFiles/cmTC_38b30.dir/link.txt --verbose=1
/usr/bin/c++   -Wall  -Wextra CMakeFiles/cmTC_38b30.dir/src.cxx.o -o cmTC_38b30 
gmake[1]: Leaving directory '/root/HIH/build/CMakeFiles/CMakeTmp'


Source file was:
int main() { return 0; }
Performing C++ SOURCE FILE Test HAVE_CXX_FLAG_WSHADOW succeeded with the following output:
Change Dir: /root/HIH/build/CMakeFiles/CMakeTmp

Run Build Command(s):/usr/bin/gmake -f Makefile cmTC_f5c0f/fast && /usr/bin/gmake  -f CMakeFiles/cmTC_f5c0f.dir/build.make CMakeFiles/cmTC_f5c0f.dir/build
gmake[1]: Entering directory '/root/HIH/build/CMakeFiles/CMakeTmp'
Building CXX object CMakeFiles/cmTC_f5c0f.dir/src.cxx.o
/usr/bin/c++ -DHAVE_CXX_FLAG_WSHADOW  -Wall  -Wextra  -Wshadow   -Wshadow -std=c++11 -o CMakeFiles/cmTC_f5c0f.dir/src.cxx.o -c /root/HIH/build/CMakeFiles/CMakeTmp/src.cxx
Linking CXX executable cmTC_f5c0f
/usr/bin/cmake -E cmake_link_script CMakeFiles/cmTC_f5c0f.dir/link.txt --verbose=1
/usr/bin/c++   -Wall  -Wextra  -Wshadow CMakeFiles/cmTC_f5c0f.dir/src.cxx.o -o cmTC_f5c0f 
gmake[1]: Leaving directory '/root/HIH/build/CMakeFiles/CMakeTmp'


Source file was:
int main() { return 0; }
Performing C++ SOURCE FILE Test HAVE_CXX_FLAG_WFLOAT_EQUAL succeeded with the following output:
Change Dir: /root/HIH/build/CMakeFiles/CMakeTmp

Run Build Command(s):/usr/bin/gmake -f Makefile cmTC_187ee/fast && /usr/bin/gmake  -f CMakeFiles/cmTC_187ee.dir/build.make CMakeFiles/cmTC_187ee.dir/build
gmake[1]: Entering directory '/root/HIH/build/CMakeFiles/CMakeTmp'
Building CXX object CMakeFiles/cmTC_187ee.dir/src.cxx.o
/usr/bin/c++ -DHAVE_CXX_FLAG_WFLOAT_EQUAL  -Wall  -Wextra  -Wshadow  -Wfloat-equal   -Wfloat-equal -std=c++11 -o CMakeFiles/cmTC_187ee.dir/src.cxx.o -c /root/HIH/build/CMakeFiles/CMakeTmp/src.cxx
Linking CXX executable cmTC_187ee
/usr/bin/cmake -E cmake_link_script CMakeFiles/cmTC_187ee.dir/link.txt --verbose=1
/usr/bin/c++   -Wall  -Wextra  -Wshadow  -Wfloat-equal CMakeFiles/cmTC_187ee.dir/src.cxx.o -o cmTC_187ee 
gmake[1]: Leaving directory '/root/HIH/build/CMakeFiles/CMakeTmp'


Source file was:
int main() { return 0; }
Performing C++ SOURCE FILE Test HAVE_CXX_FLAG_WOLD_STYLE_CAST succeeded with the following output:
Change Dir: /root/HIH/build/CMakeFiles/CMakeTmp

Run Build Command(s):/usr/bin/gmake -f Makefile cmTC_c13d2/fast && /usr/bin/gmake  -f CMakeFiles/cmTC_c13d2.dir/build.make CMakeFiles/cmTC_c13d2.dir/build
gmake[1]: Entering directory '/root/HIH/build/CMakeFiles/CMakeTmp'
Building CXX object CMakeFiles/cmTC_c13d2.dir/src.cxx.o
/usr/bin/c++ -DHAVE_CXX_FLAG_WOLD_STYLE_CAST  -Wall  -Wextra  -Wshadow  -Wfloat-equal  -Wold-style-cast   -Wold-style-cast -std=c++11 -o CMakeFiles/cmTC_c13d2.dir/src.cxx.o -c /root/HIH/build/CMakeFiles/CMakeTmp/src.cxx
Linking CXX executable cmTC_c13d2
/usr/bin/cmake -E cmake_link_script CMakeFiles/cmTC_c13d2.dir/link.txt --verbose=1
/usr/bin/c++   -Wall  -Wextra  -Wshadow  -Wfloat-equal  -Wold-style-cast CMakeFiles/cmTC_c13d2.dir/src.cxx.o -o cmTC_c13d2 
gmake[1]: Leaving directory '/root/HIH/build/CMakeFiles/CMakeTmp'


Source file was:
int main() { return 0; }
Performing C++ SOURCE FILE Test HAVE_CXX_FLAG_WERROR succeeded with the following output:
Change Dir: /root/HIH/build/CMakeFiles/CMakeTmp

Run Build Command(s):/usr/bin/gmake -f Makefile cmTC_b41d7/fast && /usr/bin/gmake  -f CMakeFiles/cmTC_b41d7.dir/build.make CMakeFiles/cmTC_b41d7.dir/build
gmake[1]: Entering directory '/root/HIH/build/CMakeFiles/CMakeTmp'
Building CXX object CMakeFiles/cmTC_b41d7.dir/src.cxx.o
/usr/bin/c++ -DHAVE_CXX_FLAG_WERROR  -Wall  -Wextra  -Wshadow  -Wfloat-equal  -Wold-style-cast  -Werror   -Werror -std=c++11 -o CMakeFiles/cmTC_b41d7.dir/src.cxx.o -c /root/HIH/build/CMakeFiles/CMakeTmp/src.cxx
Linking CXX executable cmTC_b41d7
/usr/bin/cmake -E cmake_link_script CMakeFiles/cmTC_b41d7.dir/link.txt --verbose=1
/usr/bin/c++   -Wall  -Wextra  -Wshadow  -Wfloat-equal  -Wold-style-cast  -Werror CMakeFiles/cmTC_b41d7.dir/src.cxx.o -o cmTC_b41d7 
gmake[1]: Leaving directory '/root/HIH/build/CMakeFiles/CMakeTmp'


Source file was:
int main() { return 0; }
Performing C++ SOURCE FILE Test HAVE_CXX_FLAG_WSUGGEST_OVERRIDE succeeded with the following output:
Change Dir: /root/HIH/build/CMakeFiles/CMakeTmp

Run Build Command(s):/usr/bin/gmake -f Makefile cmTC_9750e/fast && /usr/bin/gmake  -f CMakeFiles/cmTC_9750e.dir/build.make CMakeFiles/cmTC_9750e.dir/build
gmake[1]: Entering directory '/root/HIH/build/CMakeFiles/CMakeTmp'
Building CXX object CMakeFiles/cmTC_9750e.dir/src.cxx.o
/usr/bin/c++ -DHAVE_CXX_FLAG_WSUGGEST_OVERRIDE  -Wall  -Wextra  -Wshadow  -Wfloat-equal  -Wold-style-cast  -Werror  -Wsuggest-override   -Wsuggest-override -std=c++11 -o CMakeFiles/cmTC_9750e.dir/src.cxx.o -c /root/HIH/build/CMakeFiles/CMakeTmp/src.cxx
Linking CXX executable cmTC_9750e
/usr/bin/cmake -E cmake_link_script CMakeFiles/cmTC_9750e.dir/link.txt --verbose=1
/usr/bin/c++   -Wall  -Wextra  -Wshadow  -Wfloat-equal  -Wold-style-cast  -Werror  -Wsuggest-override CMakeFiles/cmTC_9750e.dir/src.cxx.o -o cmTC_9750e 
gmake[1]: Leaving directory '/root/HIH/build/CMakeFiles/CMakeTmp'


Source file was:
int main() { return 0; }
Performing C++ SOURCE FILE Test HAVE_CXX_FLAG_PEDANTIC succeeded with the following output:
Change Dir: /root/HIH/build/CMakeFiles/CMakeTmp

Run Build Command(s):/usr/bin/gmake -f Makefile cmTC_0dcfe/fast && /usr/bin/gmake  -f CMakeFiles/cmTC_0dcfe.dir/build.make CMakeFiles/cmTC_0dcfe.dir/build
gmake[1]: Entering directory '/root/HIH/build/CMakeFiles/CMakeTmp'
Building CXX object CMakeFiles/cmTC_0dcfe.dir/src.cxx.o
/usr/bin/c++ -DHAVE_CXX_FLAG_PEDANTIC  -Wall  -Wextra  -Wshadow  -Wfloat-equal  -Wold-style-cast  -Werror  -Wsuggest-override  -pedantic   -pedantic -std=c++11 -o CMakeFiles/cmTC_0dcfe.dir/src.cxx.o -c /root/HIH/build/CMakeFiles/CMakeTmp/src.cxx
Linking CXX executable cmTC_0dcfe
/usr/bin/cmake -E cmake_link_script CMakeFiles/cmTC_0dcfe.dir/link.txt --verbose=1
/usr/bin/c++   -Wall  -Wextra  -Wshadow  -Wfloat-equal  -Wold-style-cast  -Werror  -Wsuggest-override  -pedantic CMakeFiles/cmTC_0dcfe.dir/src.cxx.o -o cmTC_0dcfe 
gmake[1]: Leaving directory '/root/HIH/build/CMakeFiles/CMakeTmp'


Source file was:
int main() { return 0; }
Performing C++ SOURCE FILE Test HAVE_CXX_FLAG_PEDANTIC_ERRORS succeeded with the following output:
Change Dir: /root/HIH/build/CMakeFiles/CMakeTmp

Run Build Command(s):/usr/bin/gmake -f Makefile cmTC_d0b71/fast && /usr/bin/gmake  -f CMakeFiles/cmTC_d0b71.dir/build.make CMakeFiles/cmTC_d0b71.dir/build
gmake[1]: Entering directory '/root/HIH/build/CMakeFiles/CMakeTmp'
Building CXX object CMakeFiles/cmTC_d0b71.dir/src.cxx.o
/usr/bin/c++ -DHAVE_CXX_FLAG_PEDANTIC_ERRORS  -Wall  -Wextra  -Wshadow  -Wfloat-equal  -Wold-style-cast  -Werror  -Wsuggest-override  -pedantic  -pedantic-errors   -pedantic-errors -std=c++11 -o CMakeFiles/cmTC_d0b71.dir/src.cxx.o -c /root/HIH/build/CMakeFiles/CMakeTmp/src.cxx
Linking CXX executable cmTC_d0b71
/usr/bin/cmake -E cmake_link_script CMakeFiles/cmTC_d0b71.dir/link.txt --verbose=1
/usr/bin/c++   -Wall  -Wextra  -Wshadow  -Wfloat-equal  -Wold-style-cast  -Werror  -Wsuggest-override  -pedantic  -pedantic-errors CMakeFiles/cmTC_d0b71.dir/src.cxx.o -o cmTC_d0b71 
gmake[1]: Leaving directory '/root/HIH/build/CMakeFiles/CMakeTmp'


Source file was:
int main() { return 0; }
Performing C++ SOURCE FILE Test HAVE_CXX_FLAG_FSTRICT_ALIASING succeeded with the following output:
Change Dir: /root/HIH/build/CMakeFiles/CMakeTmp

Run Build Command(s):/usr/bin/gmake -f Makefile cmTC_281a6/fast && /usr/bin/gmake  -f CMakeFiles/cmTC_281a6.dir/build.make CMakeFiles/cmTC_281a6.dir/build
gmake[1]: Entering directory '/root/HIH/build/CMakeFiles/CMakeTmp'
Building CXX object CMakeFiles/cmTC_281a6.dir/src.cxx.o
/usr/bin/c++ -DHAVE_CXX_FLAG_FSTRICT_ALIASING  -Wall  -Wextra  -Wshadow  -Wfloat-equal  -Wold-style-cast  -Werror  -Wsuggest-override  -pedantic  -pedantic-errors  -fstrict-aliasing   -fstrict-aliasing -std=c++11 -o CMakeFiles/cmTC_281a6.dir/src.cxx.o -c /root/HIH/build/CMakeFiles/CMakeTmp/src.cxx
Linking CXX executable cmTC_281a6
/usr/bin/cmake -E cmake_link_script CMakeFiles/cmTC_281a6.dir/link.txt --verbose=1
/usr/bin/c++   -Wall  -Wextra  -Wshadow  -Wfloat-equal  -Wold-style-cast  -Werror  -Wsuggest-override  -pedantic  -pedantic-errors  -fstrict-aliasing CMakeFiles/cmTC_281a6.dir/src.cxx.o -o cmTC_281a6 
gmake[1]: Leaving directory '/root/HIH/build/CMakeFiles/CMakeTmp'


Source file was:
int main() { return 0; }
Performing C++ SOURCE FILE Test HAVE_CXX_FLAG_WNO_DEPRECATED_DECLARATIONS succeeded with the following output:
Change Dir: /root/HIH/build/CMakeFiles/CMakeTmp

Run Build Command(s):/usr/bin/gmake -f Makefile cmTC_f0cd7/fast && /usr/bin/gmake  -f CMakeFiles/cmTC_f0cd7.dir/build.make CMakeFiles/cmTC_f0cd7.dir/build
gmake[1]: Entering directory '/root/HIH/build/CMakeFiles/CMakeTmp'
Building CXX object CMakeFiles/cmTC_f0cd7.dir/src.cxx.o
/usr/bin/c++ -DHAVE_CXX_FLAG_WNO_DEPRECATED_DECLARATIONS  -Wall  -Wextra  -Wshadow  -Wfloat-equal  -Wold-style-cast  -Werror  -Wsuggest-override  -pedantic  -pedantic-errors  -fstrict-aliasing  -Wno-deprecated-declarations   -Wno-deprecated-declarations -std=c++11 -o CMakeFiles/cmTC_f0cd7.dir/src.cxx.o -c /root/HIH/build/CMakeFiles/CMakeTmp/src.cxx
Linking CXX executable cmTC_f0cd7
/usr/bin/cmake -E cmake_link_script CMakeFiles/cmTC_f0cd7.dir/link.txt --verbose=1
/usr/bin/c++   -Wall  -Wextra  -Wshadow  -Wfloat-equal  -Wold-style-cast  -Werror  -Wsuggest-override  -pedantic  -pedantic-errors  -fstrict-aliasing  -Wno-deprecated-declarations CMakeFiles/cmTC_f0cd7.dir/src.cxx.o -o cmTC_f0cd7 
gmake[1]: Leaving directory '/root/HIH/build/CMakeFiles/CMakeTmp'


Source file was:
int main() { return 0; }
Performing C++ SOURCE FILE Test HAVE_CXX_FLAG_WNO_DEPRECATED succeeded with the following output:
Change Dir: /root/HIH/build/CMakeFiles/CMakeTmp

Run Build Command(s):/usr/bin/gmake -f Makefile cmTC_74dd5/fast && /usr/bin/gmake  -f CMakeFiles/cmTC_74dd5.dir/build.make CMakeFiles/cmTC_74dd5.dir/build
gmake[1]: Entering directory '/root/HIH/build/CMakeFiles/CMakeTmp'
Building CXX object CMakeFiles/cmTC_74dd5.dir/src.cxx.o
/usr/bin/c++ -DHAVE_CXX_FLAG_WNO_DEPRECATED  -Wall  -Wextra  -Wshadow  -Wfloat-equal  -Wold-style-cast  -Werror  -Wsuggest-override  -pedantic  -pedantic-errors  -fstrict-aliasing  -Wno-deprecated-declarations  -Wno-deprecated   -Wno-deprecated -std=c++11 -o CMakeFiles/cmTC_74dd5.dir/src.cxx.o -c /root/HIH/build/CMakeFiles/CMakeTmp/src.cxx
Linking CXX executable cmTC_74dd5
/usr/bin/cmake -E cmake_link_script CMakeFiles/cmTC_74dd5.dir/link.txt --verbose=1
/usr/bin/c++   -Wall  -Wextra  -Wshadow  -Wfloat-equal  -Wold-style-cast  -Werror  -Wsuggest-override  -pedantic  -pedantic-errors  -fstrict-aliasing  -Wno-deprecated-declarations  -Wno-deprecated CMakeFiles/cmTC_74dd5.dir/src.cxx.o -o cmTC_74dd5 
gmake[1]: Leaving directory '/root/HIH/build/CMakeFiles/CMakeTmp'


Source file was:
int main() { return 0; }
Performing C++ SOURCE FILE Test HAVE_CXX_FLAG_WSTRICT_ALIASING succeeded with the following output:
Change Dir: /root/HIH/build/CMakeFiles/CMakeTmp

Run Build Command(s):/usr/bin/gmake -f Makefile cmTC_10f42/fast && /usr/bin/gmake  -f CMakeFiles/cmTC_10f42.dir/build.make CMakeFiles/cmTC_10f42.dir/build
gmake[1]: Entering directory '/root/HIH/build/CMakeFiles/CMakeTmp'
Building CXX object CMakeFiles/cmTC_10f42.dir/src.cxx.o
/usr/bin/c++ -DHAVE_CXX_FLAG_WSTRICT_ALIASING  -Wall  -Wextra  -Wshadow  -Wfloat-equal  -Wold-style-cast  -Werror  -Wsuggest-override  -pedantic  -pedantic-errors  -fstrict-aliasing  -Wno-deprecated-declarations  -Wno-deprecated  -Wstrict-aliasing   -Wstrict-aliasing -std=c++11 -o CMakeFiles/cmTC_10f42.dir/src.cxx.o -c /root/HIH/build/CMakeFiles/CMakeTmp/src.cxx
Linking CXX executable cmTC_10f42
/usr/bin/cmake -E cmake_link_script CMakeFiles/cmTC_10f42.dir/link.txt --verbose=1
/usr/bin/c++   -Wall  -Wextra  -Wshadow  -Wfloat-equal  -Wold-style-cast  -Werror  -Wsuggest-override  -pedantic  -pedantic-errors  -fstrict-aliasing  -Wno-deprecated-declarations  -Wno-deprecated  -Wstrict-aliasing CMakeFiles/cmTC_10f42.dir/src.cxx.o -o cmTC_10f42 
gmake[1]: Leaving directory '/root/HIH/build/CMakeFiles/CMakeTmp'


Source file was:
int main() { return 0; }
Performing C++ SOURCE FILE Test HAVE_CXX_FLAG_COVERAGE succeeded with the following output:
Change Dir: /root/HIH/build/CMakeFiles/CMakeTmp

Run Build Command(s):/usr/bin/gmake -f Makefile cmTC_7046d/fast && /usr/bin/gmake  -f CMakeFiles/cmTC_7046d.dir/build.make CMakeFiles/cmTC_7046d.dir/build
gmake[1]: Entering directory '/root/HIH/build/CMakeFiles/CMakeTmp'
Building CXX object CMakeFiles/cmTC_7046d.dir/src.cxx.o
/usr/bin/c++ -DHAVE_CXX_FLAG_COVERAGE  -Wall  -Wextra  -Wshadow  -Wfloat-equal  -Wold-style-cast  -Werror  -Wsuggest-override  -pedantic  -pedantic-errors  -fstrict-aliasing  -Wno-deprecated-declarations  -Wno-deprecated  -Wstrict-aliasing  --coverage   --coverage -std=c++11 -o CMakeFiles/cmTC_7046d.dir/src.cxx.o -c /root/HIH/build/CMakeFiles/CMakeTmp/src.cxx
Linking CXX executable cmTC_7046d
/usr/bin/cmake -E cmake_link_script CMakeFiles/cmTC_7046d.dir/link.txt --verbose=1
/usr/bin/c++   -Wall  -Wextra  -Wshadow  -Wfloat-equal  -Wold-style-cast  -Werror  -Wsuggest-override  -pedantic  -pedantic-errors  -fstrict-aliasing  -Wno-deprecated-declarations  -Wno-deprecated  -Wstrict-aliasing  --coverage CMakeFiles/cmTC_7046d.dir/src.cxx.o -o cmTC_7046d 
gmake[1]: Leaving directory '/root/HIH/build/CMakeFiles/CMakeTmp'


Source file was:
int main() { return 0; }
Determining if the include file pthread.h exists passed with the following output:
Change Dir: /root/HIH/build/CMakeFiles/CMakeTmp

Run Build Command(s):/usr/bin/gmake -f Makefile cmTC_3ccd0/fast && /usr/bin/gmake  -f CMakeFiles/cmTC_3ccd0.dir/build.make CMakeFiles/cmTC_3ccd0.dir/build
gmake[1]: Entering directory '/root/HIH/build/CMakeFiles/CMakeTmp'
Building C object CMakeFiles/cmTC_3ccd0.dir/CheckIncludeFile.c.o
/usr/bin/cc    -o CMakeFiles/cmTC_3ccd0.dir/CheckIncludeFile.c.o -c /root/HIH/build/CMakeFiles/CMakeTmp/CheckIncludeFile.c
Linking C executable cmTC_3ccd0
/usr/bin/cmake -E cmake_link_script CMakeFiles/cmTC_3ccd0.dir/link.txt --verbose=1
/usr/bin/cc CMakeFiles/cmTC_3ccd0.dir/CheckIncludeFile.c.o -o cmTC_3ccd0 
gmake[1]: Leaving directory '/root/HIH/build/CMakeFiles/CMakeTmp'



Performing C SOURCE FILE Test CMAKE_HAVE_LIBC_PTHREAD succeeded with the following output:
Change Dir: /root/HIH/build/CMakeFiles/CMakeTmp

Run Build Command(s):/usr/bin/gmake -f Makefile cmTC_806df/fast && /usr/bin/gmake  -f CMakeFiles/cmTC_806df.dir/build.make CMakeFiles/cmTC_806df.dir/build
gmake[1]: Entering directory '/root/HIH/build/CMakeFiles/CMakeTmp'
Building C object CMakeFiles/cmTC_806df.dir/src.c.o
/usr/bin/cc -DCMAKE_HAVE_LIBC_PTHREAD   -o CMakeFiles/cmTC_806df.dir/src.c.o -c /root/HIH/build/CMakeFiles/CMakeTmp/src.c
Linking C executable cmTC_806df
/usr/bin/cmake -E cmake_link_script CMakeFiles/cmTC_806df.dir/link.txt --verbose=1
/usr/bin/cc CMakeFiles/cmTC_806df.dir/src.c.o -o cmTC_806df 
gmake[1]: Leaving directory '/root/HIH/build/CMakeFiles/CMakeTmp'


Source file was:
#include <pthread.h>

static void* test_func(void* data)
{
  return data;
}

int main(void)
{
  pthread_t thread;
  pthread_create(&thread, NULL, test_func, NULL);
  pthread_detach(thread);
  pthread_cancel(thread);
  pthread_join(thread, NULL);
  pthread_atfork(NULL, NULL, NULL);
  pthread_exit(NULL);

  return 0;
}

Determining if the getcontext exist passed with the following output:
Change Dir: /root/HIH/build/CMakeFiles/CMakeTmp

Run Build Command(s):/usr/bin/gmake -f Makefile cmTC_f86f0/fast && /usr/bin/gmake  -f CMakeFiles/cmTC_f86f0.dir/build.make CMakeFiles/cmTC_f86f0.dir/build
gmake[1]: Entering directory '/root/HIH/build/CMakeFiles/CMakeTmp'
Building C object CMakeFiles/cmTC_f86f0.dir/CheckSymbolExists.c.o
/usr/bin/cc   -Wno-deprecated-declarations -o CMakeFiles/cmTC_f86f0.dir/CheckSymbolExists.c.o -c /root/HIH/build/CMakeFiles/CMakeTmp/CheckSymbolExists.c
Linking C executable cmTC_f86f0
/usr/bin/cmake -E cmake_link_script CMakeFiles/cmTC_f86f0.dir/link.txt --verbose=1
/usr/bin/cc  -Wno-deprecated-declarations -rdynamic CMakeFiles/cmTC_f86f0.dir/CheckSymbolExists.c.o -o cmTC_f86f0 
gmake[1]: Leaving directory '/root/HIH/build/CMakeFiles/CMakeTmp'


File /root/HIH/build/CMakeFiles/CMakeTmp/CheckSymbolExists.c:
/* */
#include <ucontext.h>

int main(int argc, char** argv)
{
  (void)argv;
#ifndef getcontext
  return ((int*)(&getcontext))[argc];
#else
  (void)argc;
  return 0;
#endif
}
Performing C SOURCE FILE Test C_HAS__Wall succeeded with the following output:
Change Dir: /root/HIH/build/CMakeFiles/CMakeTmp

Run Build Command(s):/usr/bin/gmake -f Makefile cmTC_f7afe/fast && /usr/bin/gmake  -f CMakeFiles/cmTC_f7afe.dir/build.make CMakeFiles/cmTC_f7afe.dir/build
gmake[1]: Entering directory '/root/HIH/build/CMakeFiles/CMakeTmp'
Building C object CMakeFiles/cmTC_f7afe.dir/src.c.o
/usr/bin/cc -DC_HAS__Wall  -Wall -o CMakeFiles/cmTC_f7afe.dir/src.c.o -c /root/HIH/build/CMakeFiles/CMakeTmp/src.c
Linking C executable cmTC_f7afe
/usr/bin/cmake -E cmake_link_script CMakeFiles/cmTC_f7afe.dir/link.txt --verbose=1
/usr/bin/cc CMakeFiles/cmTC_f7afe.dir/src.c.o -o cmTC_f7afe 
gmake[1]: Leaving directory '/root/HIH/build/CMakeFiles/CMakeTmp'


Source file was:
int main(void) { return 0; }
Performing C++ SOURCE FILE Test CXX_HAS__Wall succeeded with the following output:
Change Dir: /root/HIH/build/CMakeFiles/CMakeTmp

Run Build Command(s):/usr/bin/gmake -f Makefile cmTC_d1e23/fast && /usr/bin/gmake  -f CMakeFiles/cmTC_d1e23.dir/build.make CMakeFiles/cmTC_d1e23.dir/build
gmake[1]: Entering directory '/root/HIH/build/CMakeFiles/CMakeTmp'
Building CXX object CMakeFiles/cmTC_d1e23.dir/src.cxx.o
/usr/bin/c++ -DCXX_HAS__Wall  -Wall -std=gnu++11 -o CMakeFiles/cmTC_d1e23.dir/src.cxx.o -c /root/HIH/build/CMakeFiles/CMakeTmp/src.cxx
Linking CXX executable cmTC_d1e23
/usr/bin/cmake -E cmake_link_script CMakeFiles/cmTC_d1e23.dir/link.txt --verbose=1
/usr/bin/c++ CMakeFiles/cmTC_d1e23.dir/src.cxx.o -o cmTC_d1e23 
gmake[1]: Leaving directory '/root/HIH/build/CMakeFiles/CMakeTmp'


Source file was:
int main() { return 0; }
Performing C SOURCE FILE Test C_HAS__Wpointer_arith succeeded with the following output:
Change Dir: /root/HIH/build/CMakeFiles/CMakeTmp

Run Build Command(s):/usr/bin/gmake -f Makefile cmTC_164d4/fast && /usr/bin/gmake  -f CMakeFiles/cmTC_164d4.dir/build.make CMakeFiles/cmTC_164d4.dir/build
gmake[1]: Entering directory '/root/HIH/build/CMakeFiles/CMakeTmp'
Building C object CMakeFiles/cmTC_164d4.dir/src.c.o
/usr/bin/cc -DC_HAS__Wpointer_arith  -Wall    -Wpointer-arith -o CMakeFiles/cmTC_164d4.dir/src.c.o -c /root/HIH/build/CMakeFiles/CMakeTmp/src.c
Linking C executable cmTC_164d4
/usr/bin/cmake -E cmake_link_script CMakeFiles/cmTC_164d4.dir/link.txt --verbose=1
/usr/bin/cc  -Wall  CMakeFiles/cmTC_164d4.dir/src.c.o -o cmTC_164d4 
gmake[1]: Leaving directory '/root/HIH/build/CMakeFiles/CMakeTmp'


Source file was:
int main(void) { return 0; }
Performing C++ SOURCE FILE Test CXX_HAS__Wpointer_arith succeeded with the following output:
Change Dir: /root/HIH/build/CMakeFiles/CMakeTmp

Run Build Command(s):/usr/bin/gmake -f Makefile cmTC_07781/fast && /usr/bin/gmake  -f CMakeFiles/cmTC_07781.dir/build.make CMakeFiles/cmTC_07781.dir/build
gmake[1]: Entering directory '/root/HIH/build/CMakeFiles/CMakeTmp'
Building CXX object CMakeFiles/cmTC_07781.dir/src.cxx.o
/usr/bin/c++ -DCXX_HAS__Wpointer_arith  -Wall    -Wpointer-arith -std=gnu++11 -o CMakeFiles/cmTC_07781.dir/src.cxx.o -c /root/HIH/build/CMakeFiles/CMakeTmp/src.cxx
Linking CXX executable cmTC_07781
/usr/bin/cmake -E cmake_link_script CMakeFiles/cmTC_07781.dir/link.txt --verbose=1
/usr/bin/c++  -Wall  CMakeFiles/cmTC_07781.dir/src.cxx.o -o cmTC_07781 
gmake[1]: Leaving directory '/root/HIH/build/CMakeFiles/CMakeTmp'


Source file was:
int main() { return 0; }
Performing C SOURCE FILE Test C_HAS__Wsign_compare succeeded with the following output:
Change Dir: /root/HIH/build/CMakeFiles/CMakeTmp

Run Build Command(s):/usr/bin/gmake -f Makefile cmTC_437e7/fast && /usr/bin/gmake  -f CMakeFiles/cmTC_437e7.dir/build.make CMakeFiles/cmTC_437e7.dir/build
gmake[1]: Entering directory '/root/HIH/build/CMakeFiles/CMakeTmp'
Building C object CMakeFiles/cmTC_437e7.dir/src.c.o
/usr/bin/cc -DC_HAS__Wsign_compare  -Wall -Wpointer-arith    -Wsign-compare -o CMakeFiles/cmTC_437e7.dir/src.c.o -c /root/HIH/build/CMakeFiles/CMakeTmp/src.c
Linking C executable cmTC_437e7
/usr/bin/cmake -E cmake_link_script CMakeFiles/cmTC_437e7.dir/link.txt --verbose=1
/usr/bin/cc  -Wall -Wpointer-arith  CMakeFiles/cmTC_437e7.dir/src.c.o -o cmTC_437e7 
gmake[1]: Leaving directory '/root/HIH/build/CMakeFiles/CMakeTmp'


Source file was:
int main(void) { return 0; }
Performing C++ SOURCE FILE Test CXX_HAS__Wsign_compare succeeded with the following output:
Change Dir: /root/HIH/build/CMakeFiles/CMakeTmp

Run Build Command(s):/usr/bin/gmake -f Makefile cmTC_1a4f8/fast && /usr/bin/gmake  -f CMakeFiles/cmTC_1a4f8.dir/build.make CMakeFiles/cmTC_1a4f8.dir/build
gmake[1]: Entering directory '/root/HIH/build/CMakeFiles/CMakeTmp'
Building CXX object CMakeFiles/cmTC_1a4f8.dir/src.cxx.o
/usr/bin/c++ -DCXX_HAS__Wsign_compare  -Wall -Wpointer-arith    -Wsign-compare -std=gnu++11 -o CMakeFiles/cmTC_1a4f8.dir/src.cxx.o -c /root/HIH/build/CMakeFiles/CMakeTmp/src.cxx
Linking CXX executable cmTC_1a4f8
/usr/bin/cmake -E cmake_link_script CMakeFiles/cmTC_1a4f8.dir/link.txt --verbose=1
/usr/bin/c++  -Wall -Wpointer-arith  CMakeFiles/cmTC_1a4f8.dir/src.cxx.o -o cmTC_1a4f8 
gmake[1]: Leaving directory '/root/HIH/build/CMakeFiles/CMakeTmp'


Source file was:
int main() { return 0; }
Performing C SOURCE FILE Test C_HAS__fno_common succeeded with the following output:
Change Dir: /root/HIH/build/CMakeFiles/CMakeTmp

Run Build Command(s):/usr/bin/gmake -f Makefile cmTC_54c01/fast && /usr/bin/gmake  -f CMakeFiles/cmTC_54c01.dir/build.make CMakeFiles/cmTC_54c01.dir/build
gmake[1]: Entering directory '/root/HIH/build/CMakeFiles/CMakeTmp'
Building C object CMakeFiles/cmTC_54c01.dir/src.c.o
/usr/bin/cc -DC_HAS__fno_common  -Wall -Wpointer-arith -Wsign-compare    -fno-common -o CMakeFiles/cmTC_54c01.dir/src.c.o -c /root/HIH/build/CMakeFiles/CMakeTmp/src.c
Linking C executable cmTC_54c01
/usr/bin/cmake -E cmake_link_script CMakeFiles/cmTC_54c01.dir/link.txt --verbose=1
/usr/bin/cc  -Wall -Wpointer-arith -Wsign-compare  CMakeFiles/cmTC_54c01.dir/src.c.o -o cmTC_54c01 
gmake[1]: Leaving directory '/root/HIH/build/CMakeFiles/CMakeTmp'


Source file was:
int main(void) { return 0; }
Performing C++ SOURCE FILE Test CXX_HAS__fno_common succeeded with the following output:
Change Dir: /root/HIH/build/CMakeFiles/CMakeTmp

Run Build Command(s):/usr/bin/gmake -f Makefile cmTC_7b8a9/fast && /usr/bin/gmake  -f CMakeFiles/cmTC_7b8a9.dir/build.make CMakeFiles/cmTC_7b8a9.dir/build
gmake[1]: Entering directory '/root/HIH/build/CMakeFiles/CMakeTmp'
Building CXX object CMakeFiles/cmTC_7b8a9.dir/src.cxx.o
/usr/bin/c++ -DCXX_HAS__fno_common  -Wall -Wpointer-arith -Wsign-compare    -fno-common -std=gnu++11 -o CMakeFiles/cmTC_7b8a9.dir/src.cxx.o -c /root/HIH/build/CMakeFiles/CMakeTmp/src.cxx
Linking CXX executable cmTC_7b8a9
/usr/bin/cmake -E cmake_link_script CMakeFiles/cmTC_7b8a9.dir/link.txt --verbose=1
/usr/bin/c++  -Wall -Wpointer-arith -Wsign-compare  CMakeFiles/cmTC_7b8a9.dir/src.cxx.o -o cmTC_7b8a9 
gmake[1]: Leaving directory '/root/HIH/build/CMakeFiles/CMakeTmp'


Source file was:
int main() { return 0; }
Performing C SOURCE FILE Test C_HAS__Wunused_macros succeeded with the following output:
Change Dir: /root/HIH/build/CMakeFiles/CMakeTmp

Run Build Command(s):/usr/bin/gmake -f Makefile cmTC_77523/fast && /usr/bin/gmake  -f CMakeFiles/cmTC_77523.dir/build.make CMakeFiles/cmTC_77523.dir/build
gmake[1]: Entering directory '/root/HIH/build/CMakeFiles/CMakeTmp'
Building C object CMakeFiles/cmTC_77523.dir/src.c.o
/usr/bin/cc -DC_HAS__Wunused_macros  -Wall -Wpointer-arith -Wsign-compare -fno-common    -Wunused-macros -o CMakeFiles/cmTC_77523.dir/src.c.o -c /root/HIH/build/CMakeFiles/CMakeTmp/src.c
Linking C executable cmTC_77523
/usr/bin/cmake -E cmake_link_script CMakeFiles/cmTC_77523.dir/link.txt --verbose=1
/usr/bin/cc  -Wall -Wpointer-arith -Wsign-compare -fno-common  CMakeFiles/cmTC_77523.dir/src.c.o -o cmTC_77523 
gmake[1]: Leaving directory '/root/HIH/build/CMakeFiles/CMakeTmp'


Source file was:
int main(void) { return 0; }
Performing C++ SOURCE FILE Test CXX_HAS__Wunused_macros succeeded with the following output:
Change Dir: /root/HIH/build/CMakeFiles/CMakeTmp

Run Build Command(s):/usr/bin/gmake -f Makefile cmTC_016c1/fast && /usr/bin/gmake  -f CMakeFiles/cmTC_016c1.dir/build.make CMakeFiles/cmTC_016c1.dir/build
gmake[1]: Entering directory '/root/HIH/build/CMakeFiles/CMakeTmp'
Building CXX object CMakeFiles/cmTC_016c1.dir/src.cxx.o
/usr/bin/c++ -DCXX_HAS__Wunused_macros  -Wall -Wpointer-arith -Wsign-compare -fno-common    -Wunused-macros -std=gnu++11 -o CMakeFiles/cmTC_016c1.dir/src.cxx.o -c /root/HIH/build/CMakeFiles/CMakeTmp/src.cxx
Linking CXX executable cmTC_016c1
/usr/bin/cmake -E cmake_link_script CMakeFiles/cmTC_016c1.dir/link.txt --verbose=1
/usr/bin/c++  -Wall -Wpointer-arith -Wsign-compare -fno-common  CMakeFiles/cmTC_016c1.dir/src.cxx.o -o cmTC_016c1 
gmake[1]: Leaving directory '/root/HIH/build/CMakeFiles/CMakeTmp'


Source file was:
int main() { return 0; }
Performing C SOURCE FILE Test C_HAS__Wsign_conversion succeeded with the following output:
Change Dir: /root/HIH/build/CMakeFiles/CMakeTmp

Run Build Command(s):/usr/bin/gmake -f Makefile cmTC_23be5/fast && /usr/bin/gmake  -f CMakeFiles/cmTC_23be5.dir/build.make CMakeFiles/cmTC_23be5.dir/build
gmake[1]: Entering directory '/root/HIH/build/CMakeFiles/CMakeTmp'
Building C object CMakeFiles/cmTC_23be5.dir/src.c.o
/usr/bin/cc -DC_HAS__Wsign_conversion  -Wall -Wpointer-arith -Wsign-compare -fno-common -Wunused-macros    -Wsign-conversion -o CMakeFiles/cmTC_23be5.dir/src.c.o -c /root/HIH/build/CMakeFiles/CMakeTmp/src.c
Linking C executable cmTC_23be5
/usr/bin/cmake -E cmake_link_script CMakeFiles/cmTC_23be5.dir/link.txt --verbose=1
/usr/bin/cc  -Wall -Wpointer-arith -Wsign-compare -fno-common -Wunused-macros  CMakeFiles/cmTC_23be5.dir/src.c.o -o cmTC_23be5 
gmake[1]: Leaving directory '/root/HIH/build/CMakeFiles/CMakeTmp'


Source file was:
int main(void) { return 0; }
Performing C++ SOURCE FILE Test CXX_HAS__Wsign_conversion succeeded with the following output:
Change Dir: /root/HIH/build/CMakeFiles/CMakeTmp

Run Build Command(s):/usr/bin/gmake -f Makefile cmTC_af46b/fast && /usr/bin/gmake  -f CMakeFiles/cmTC_af46b.dir/build.make CMakeFiles/cmTC_af46b.dir/build
gmake[1]: Entering directory '/root/HIH/build/CMakeFiles/CMakeTmp'
Building CXX object CMakeFiles/cmTC_af46b.dir/src.cxx.o
/usr/bin/c++ -DCXX_HAS__Wsign_conversion  -Wall -Wpointer-arith -Wsign-compare -fno-common -Wunused-macros    -Wsign-conversion -std=gnu++11 -o CMakeFiles/cmTC_af46b.dir/src.cxx.o -c /root/HIH/build/CMakeFiles/CMakeTmp/src.cxx
Linking CXX executable cmTC_af46b
/usr/bin/cmake -E cmake_link_script CMakeFiles/cmTC_af46b.dir/link.txt --verbose=1
/usr/bin/c++  -Wall -Wpointer-arith -Wsign-compare -fno-common -Wunused-macros  CMakeFiles/cmTC_af46b.dir/src.cxx.o -o cmTC_af46b 
gmake[1]: Leaving directory '/root/HIH/build/CMakeFiles/CMakeTmp'


Source file was:
int main() { return 0; }
Performing C SOURCE FILE Test C_HAS__ggdb succeeded with the following output:
Change Dir: /root/HIH/build/CMakeFiles/CMakeTmp

Run Build Command(s):/usr/bin/gmake -f Makefile cmTC_4c677/fast && /usr/bin/gmake  -f CMakeFiles/cmTC_4c677.dir/build.make CMakeFiles/cmTC_4c677.dir/build
gmake[1]: Entering directory '/root/HIH/build/CMakeFiles/CMakeTmp'
Building C object CMakeFiles/cmTC_4c677.dir/src.c.o
/usr/bin/cc -DC_HAS__ggdb  -Wall -Wpointer-arith -Wsign-compare -fno-common -Wunused-macros -Wsign-conversion    -ggdb -o CMakeFiles/cmTC_4c677.dir/src.c.o -c /root/HIH/build/CMakeFiles/CMakeTmp/src.c
Linking C executable cmTC_4c677
/usr/bin/cmake -E cmake_link_script CMakeFiles/cmTC_4c677.dir/link.txt --verbose=1
/usr/bin/cc  -Wall -Wpointer-arith -Wsign-compare -fno-common -Wunused-macros -Wsign-conversion  CMakeFiles/cmTC_4c677.dir/src.c.o -o cmTC_4c677 
gmake[1]: Leaving directory '/root/HIH/build/CMakeFiles/CMakeTmp'


Source file was:
int main(void) { return 0; }
Performing C++ SOURCE FILE Test CXX_HAS__ggdb succeeded with the following output:
Change Dir: /root/HIH/build/CMakeFiles/CMakeTmp

Run Build Command(s):/usr/bin/gmake -f Makefile cmTC_80d00/fast && /usr/bin/gmake  -f CMakeFiles/cmTC_80d00.dir/build.make CMakeFiles/cmTC_80d00.dir/build
gmake[1]: Entering directory '/root/HIH/build/CMakeFiles/CMakeTmp'
Building CXX object CMakeFiles/cmTC_80d00.dir/src.cxx.o
/usr/bin/c++ -DCXX_HAS__ggdb  -Wall -Wpointer-arith -Wsign-compare -fno-common -Wunused-macros -Wsign-conversion    -ggdb -std=gnu++11 -o CMakeFiles/cmTC_80d00.dir/src.cxx.o -c /root/HIH/build/CMakeFiles/CMakeTmp/src.cxx
Linking CXX executable cmTC_80d00
/usr/bin/cmake -E cmake_link_script CMakeFiles/cmTC_80d00.dir/link.txt --verbose=1
/usr/bin/c++  -Wall -Wpointer-arith -Wsign-compare -fno-common -Wunused-macros -Wsign-conversion  CMakeFiles/cmTC_80d00.dir/src.cxx.o -o cmTC_80d00 
gmake[1]: Leaving directory '/root/HIH/build/CMakeFiles/CMakeTmp'


Source file was:
int main() { return 0; }
Performing C SOURCE FILE Test C_HAS__DDEBUG succeeded with the following output:
Change Dir: /root/HIH/build/CMakeFiles/CMakeTmp

Run Build Command(s):/usr/bin/gmake -f Makefile cmTC_5a2be/fast && /usr/bin/gmake  -f CMakeFiles/cmTC_5a2be.dir/build.make CMakeFiles/cmTC_5a2be.dir/build
gmake[1]: Entering directory '/root/HIH/build/CMakeFiles/CMakeTmp'
Building C object CMakeFiles/cmTC_5a2be.dir/src.c.o
/usr/bin/cc -DC_HAS__DDEBUG -DDEBUG  -Wall -Wpointer-arith -Wsign-compare -fno-common -Wunused-macros -Wsign-conversion  -o CMakeFiles/cmTC_5a2be.dir/src.c.o -c /root/HIH/build/CMakeFiles/CMakeTmp/src.c
Linking C executable cmTC_5a2be
/usr/bin/cmake -E cmake_link_script CMakeFiles/cmTC_5a2be.dir/link.txt --verbose=1
/usr/bin/cc  -Wall -Wpointer-arith -Wsign-compare -fno-common -Wunused-macros -Wsign-conversion  CMakeFiles/cmTC_5a2be.dir/src.c.o -o cmTC_5a2be 
gmake[1]: Leaving directory '/root/HIH/build/CMakeFiles/CMakeTmp'


Source file was:
int main(void) { return 0; }
Performing C++ SOURCE FILE Test CXX_HAS__DDEBUG succeeded with the following output:
Change Dir: /root/HIH/build/CMakeFiles/CMakeTmp

Run Build Command(s):/usr/bin/gmake -f Makefile cmTC_19158/fast && /usr/bin/gmake  -f CMakeFiles/cmTC_19158.dir/build.make CMakeFiles/cmTC_19158.dir/build
gmake[1]: Entering directory '/root/HIH/build/CMakeFiles/CMakeTmp'
Building CXX object CMakeFiles/cmTC_19158.dir/src.cxx.o
/usr/bin/c++ -DCXX_HAS__DDEBUG -DDEBUG  -Wall -Wpointer-arith -Wsign-compare -fno-common -Wunused-macros -Wsign-conversion  -std=gnu++11 -o CMakeFiles/cmTC_19158.dir/src.cxx.o -c /root/HIH/build/CMakeFiles/CMakeTmp/src.cxx
Linking CXX executable cmTC_19158
/usr/bin/cmake -E cmake_link_script CMakeFiles/cmTC_19158.dir/link.txt --verbose=1
/usr/bin/c++  -Wall -Wpointer-arith -Wsign-compare -fno-common -Wunused-macros -Wsign-conversion  CMakeFiles/cmTC_19158.dir/src.cxx.o -o cmTC_19158 
gmake[1]: Leaving directory '/root/HIH/build/CMakeFiles/CMakeTmp'


Source file was:
int main() { return 0; }
Performing C SOURCE FILE Test C_HAS__U_FORTIFY_SOURCE__D_FORTIFY_SOURCE_2 succeeded with the following output:
Change Dir: /root/HIH/build/CMakeFiles/CMakeTmp

Run Build Command(s):/usr/bin/gmake -f Makefile cmTC_e24de/fast && /usr/bin/gmake  -f CMakeFiles/cmTC_e24de.dir/build.make CMakeFiles/cmTC_e24de.dir/build
gmake[1]: Entering directory '/root/HIH/build/CMakeFiles/CMakeTmp'
Building C object CMakeFiles/cmTC_e24de.dir/src.c.o
/usr/bin/cc -DC_HAS__U_FORTIFY_SOURCE__D_FORTIFY_SOURCE_2  -Wall -Wpointer-arith -Wsign-compare -fno-common -Wunused-macros -Wsign-conversion    -U_FORTIFY_SOURCE -D_FORTIFY_SOURCE=2 -o CMakeFiles/cmTC_e24de.dir/src.c.o -c /root/HIH/build/CMakeFiles/CMakeTmp/src.c
Linking C executable cmTC_e24de
/usr/bin/cmake -E cmake_link_script CMakeFiles/cmTC_e24de.dir/link.txt --verbose=1
/usr/bin/cc  -Wall -Wpointer-arith -Wsign-compare -fno-common -Wunused-macros -Wsign-conversion  CMakeFiles/cmTC_e24de.dir/src.c.o -o cmTC_e24de 
gmake[1]: Leaving directory '/root/HIH/build/CMakeFiles/CMakeTmp'


Source file was:
int main(void) { return 0; }
Performing C++ SOURCE FILE Test CXX_HAS__U_FORTIFY_SOURCE__D_FORTIFY_SOURCE_2 succeeded with the following output:
Change Dir: /root/HIH/build/CMakeFiles/CMakeTmp

Run Build Command(s):/usr/bin/gmake -f Makefile cmTC_8fb1a/fast && /usr/bin/gmake  -f CMakeFiles/cmTC_8fb1a.dir/build.make CMakeFiles/cmTC_8fb1a.dir/build
gmake[1]: Entering directory '/root/HIH/build/CMakeFiles/CMakeTmp'
Building CXX object CMakeFiles/cmTC_8fb1a.dir/src.cxx.o
/usr/bin/c++ -DCXX_HAS__U_FORTIFY_SOURCE__D_FORTIFY_SOURCE_2  -Wall -Wpointer-arith -Wsign-compare -fno-common -Wunused-macros -Wsign-conversion    -U_FORTIFY_SOURCE -D_FORTIFY_SOURCE=2 -std=gnu++11 -o CMakeFiles/cmTC_8fb1a.dir/src.cxx.o -c /root/HIH/build/CMakeFiles/CMakeTmp/src.cxx
Linking CXX executable cmTC_8fb1a
/usr/bin/cmake -E cmake_link_script CMakeFiles/cmTC_8fb1a.dir/link.txt --verbose=1
/usr/bin/c++  -Wall -Wpointer-arith -Wsign-compare -fno-common -Wunused-macros -Wsign-conversion  CMakeFiles/cmTC_8fb1a.dir/src.cxx.o -o cmTC_8fb1a 
gmake[1]: Leaving directory '/root/HIH/build/CMakeFiles/CMakeTmp'


Source file was:
int main() { return 0; }
Determining if the function ceil exists in the m passed with the following output:
Change Dir: /root/HIH/build/CMakeFiles/CMakeTmp

Run Build Command(s):/usr/bin/gmake -f Makefile cmTC_0a61e/fast && /usr/bin/gmake  -f CMakeFiles/cmTC_0a61e.dir/build.make CMakeFiles/cmTC_0a61e.dir/build
gmake[1]: Entering directory '/root/HIH/build/CMakeFiles/CMakeTmp'
Building C object CMakeFiles/cmTC_0a61e.dir/CheckFunctionExists.c.o
/usr/bin/cc   -DCHECK_FUNCTION_EXISTS=ceil -std=c99 -o CMakeFiles/cmTC_0a61e.dir/CheckFunctionExists.c.o -c /usr/share/cmake-3.22/Modules/CheckFunctionExists.c
<command-line>: warning: conflicting types for built-in function ceil; expected double(double) [-Wbuiltin-declaration-mismatch]
/usr/share/cmake-3.22/Modules/CheckFunctionExists.c:7:3: note: in expansion of macro CHECK_FUNCTION_EXISTS
    7 |   CHECK_FUNCTION_EXISTS(void);
      |   ^~~~~~~~~~~~~~~~~~~~~
/usr/share/cmake-3.22/Modules/CheckFunctionExists.c:1:1: note: ceil is declared in header <math.h>
  +++ |+#include <math.h>
    1 | #ifdef CHECK_FUNCTION_EXISTS
Linking C executable cmTC_0a61e
/usr/bin/cmake -E cmake_link_script CMakeFiles/cmTC_0a61e.dir/link.txt --verbose=1
/usr/bin/cc  -DCHECK_FUNCTION_EXISTS=ceil CMakeFiles/cmTC_0a61e.dir/CheckFunctionExists.c.o -o cmTC_0a61e  -lm 
gmake[1]: Leaving directory '/root/HIH/build/CMakeFiles/CMakeTmp'



Determining if the function clock_gettime exists in the rt passed with the following output:
Change Dir: /root/HIH/build/CMakeFiles/CMakeTmp

Run Build Command(s):/usr/bin/gmake -f Makefile cmTC_33738/fast && /usr/bin/gmake  -f CMakeFiles/cmTC_33738.dir/build.make CMakeFiles/cmTC_33738.dir/build
gmake[1]: Entering directory '/root/HIH/build/CMakeFiles/CMakeTmp'
Building C object CMakeFiles/cmTC_33738.dir/CheckFunctionExists.c.o
/usr/bin/cc   -DCHECK_FUNCTION_EXISTS=clock_gettime -std=c99 -o CMakeFiles/cmTC_33738.dir/CheckFunctionExists.c.o -c /usr/share/cmake-3.22/Modules/CheckFunctionExists.c
Linking C executable cmTC_33738
/usr/bin/cmake -E cmake_link_script CMakeFiles/cmTC_33738.dir/link.txt --verbose=1
/usr/bin/cc  -DCHECK_FUNCTION_EXISTS=clock_gettime CMakeFiles/cmTC_33738.dir/CheckFunctionExists.c.o -o cmTC_33738  -lrt 
gmake[1]: Leaving directory '/root/HIH/build/CMakeFiles/CMakeTmp'



